Build started 16.10.2016 19:00:50.
     1>Project "C:\Users\Максим\Desktop\Практика по информатике в Бауманке\Задание 6\Pr_5\Pr_5\Pr_5.vcxproj" on node 2 (build target(s)).
     1>InitializeBuildStatus:
         Creating "Debug\Pr_5.unsuccessfulbuild" because "AlwaysCreate" was specified.
       ClCompile:
         C:\Program Files (x86)\Microsoft Visual Studio 10.0\VC\bin\CL.exe /c /ZI /nologo /W3 /WX- /Od /Oy- /D WIN32 /D _DEBUG /D _CONSOLE /D _UNICODE /D UNICODE /Gm /EHsc /RTC1 /MDd /GS /fp:precise /Zc:wchar_t /Zc:forScope /Yc"StdAfx.h" /Fp"Debug\Pr_5.pch" /Fo"Debug\\" /Fd"Debug\vc100.pdb" /Gd /TP /analyze- /errorReport:prompt stdafx.cpp
         stdafx.cpp
         C:\Program Files (x86)\Microsoft Visual Studio 10.0\VC\bin\CL.exe /c /ZI /nologo /W3 /WX- /Od /Oy- /D WIN32 /D _DEBUG /D _CONSOLE /D _UNICODE /D UNICODE /Gm /EHsc /RTC1 /MDd /GS /fp:precise /Zc:wchar_t /Zc:forScope /Yu"StdAfx.h" /Fp"Debug\Pr_5.pch" /Fo"Debug\\" /Fd"Debug\vc100.pdb" /Gd /TP /analyze- /errorReport:prompt Pr_5.cpp
         Pr_5.cpp
     1>c:\users\максим\desktop\практика по информатике в бауманке\задание 6\pr_5\pr_5\pr_5.cpp(15): warning C4996: 'scanf': This function or variable may be unsafe. Consider using scanf_s instead. To disable deprecation, use _CRT_SECURE_NO_WARNINGS. See online help for details.
                 c:\program files (x86)\microsoft visual studio 10.0\vc\include\stdio.h(304) : see declaration of 'scanf'
     1>c:\users\максим\desktop\практика по информатике в бауманке\задание 6\pr_5\pr_5\pr_5.cpp(17): warning C4996: 'scanf': This function or variable may be unsafe. Consider using scanf_s instead. To disable deprecation, use _CRT_SECURE_NO_WARNINGS. See online help for details.
                 c:\program files (x86)\microsoft visual studio 10.0\vc\include\stdio.h(304) : see declaration of 'scanf'
     1>c:\users\максим\desktop\практика по информатике в бауманке\задание 6\pr_5\pr_5\pr_5.cpp(34): warning C4996: 'getch': The POSIX name for this item is deprecated. Instead, use the ISO C++ conformant name: _getch. See online help for details.
                 c:\program files (x86)\microsoft visual studio 10.0\vc\include\conio.h(128) : see declaration of 'getch'
       ManifestResourceCompile:
         C:\Program Files (x86)\Microsoft SDKs\Windows\v7.0A\bin\rc.exe /nologo /fo"Debug\Pr_5.exe.embed.manifest.res" Debug\Pr_5_manifest.rc 
       Link:
         C:\Program Files (x86)\Microsoft Visual Studio 10.0\VC\bin\link.exe /ERRORREPORT:PROMPT /OUT:"C:\Users\Максим\Desktop\Практика по информатике в Бауманке\Задание 6\Pr_5\Debug\Pr_5.exe" /INCREMENTAL /NOLOGO kernel32.lib user32.lib gdi32.lib winspool.lib comdlg32.lib advapi32.lib shell32.lib ole32.lib oleaut32.lib uuid.lib odbc32.lib odbccp32.lib /MANIFEST /ManifestFile:"Debug\Pr_5.exe.intermediate.manifest" /MANIFESTUAC:"level='asInvoker' uiAccess='false'" /DEBUG /PDB:"C:\Users\Максим\Desktop\Практика по информатике в Бауманке\Задание 6\Pr_5\Debug\Pr_5.pdb" /SUBSYSTEM:CONSOLE /TLBID:1 /DYNAMICBASE /NXCOMPAT /IMPLIB:"C:\Users\Максим\Desktop\Практика по информатике в Бауманке\Задание 6\Pr_5\Debug\Pr_5.lib" /MACHINE:X86 Debug\Pr_5.exe.embed.manifest.res
         Debug\Pr_5.obj
         Debug\stdafx.obj
       Manifest:
         C:\Program Files (x86)\Microsoft SDKs\Windows\v7.0A\bin\mt.exe /nologo /verbose /out:"Debug\Pr_5.exe.embed.manifest" /manifest Debug\Pr_5.exe.intermediate.manifest
         All outputs are up-to-date.
       LinkEmbedManifest:
         All outputs are up-to-date.
         Pr_5.vcxproj -> C:\Users\Максим\Desktop\Практика по информатике в Бауманке\Задание 6\Pr_5\Debug\Pr_5.exe
       FinalizeBuildStatus:
         Deleting file "Debug\Pr_5.unsuccessfulbuild".
         Touching "Debug\Pr_5.lastbuildstate".
     1>Done Building Project "C:\Users\Максим\Desktop\Практика по информатике в Бауманке\Задание 6\Pr_5\Pr_5\Pr_5.vcxproj" (build target(s)).

Build succeeded.

Time Elapsed 00:00:03.06
