Build started 11.12.2016 22:31:20.
     1>Project "F:\Практика по информатике в Бауманке Лабы\Задание 18\Задание 18(ч.2)\Задание 18(ч.2)\Задание 18(ч.2).vcxproj" on node 2 (build target(s)).
     1>InitializeBuildStatus:
         Creating "Debug\Задание 18(ч.2).unsuccessfulbuild" because "AlwaysCreate" was specified.
       ClCompile:
         All outputs are up-to-date.
         C:\Program Files (x86)\Microsoft Visual Studio 10.0\VC\bin\CL.exe /c /ZI /nologo /W3 /WX- /Od /Oy- /D WIN32 /D _DEBUG /D _CONSOLE /D _UNICODE /D UNICODE /Gm /EHsc /RTC1 /MDd /GS /fp:precise /Zc:wchar_t /Zc:forScope /Yu"StdAfx.h" /Fp"Debug\Задание 18(ч.2).pch" /Fo"Debug\\" /Fd"Debug\vc100.pdb" /Gd /TP /analyze- /errorReport:prompt "Задание 18(ч.2).cpp"
         Задание 18(ч.2).cpp
       ManifestResourceCompile:
         All outputs are up-to-date.
       Link:
         C:\Program Files (x86)\Microsoft Visual Studio 10.0\VC\bin\link.exe /ERRORREPORT:PROMPT /OUT:"F:\Практика по информатике в Бауманке Лабы\Задание 18\Задание 18(ч.2)\Debug\Задание 18(ч.2).exe" /INCREMENTAL /NOLOGO kernel32.lib user32.lib gdi32.lib winspool.lib comdlg32.lib advapi32.lib shell32.lib ole32.lib oleaut32.lib uuid.lib odbc32.lib odbccp32.lib /MANIFEST /ManifestFile:"Debug\Задание 18(ч.2).exe.intermediate.manifest" /MANIFESTUAC:"level='asInvoker' uiAccess='false'" /DEBUG /PDB:"F:\Практика по информатике в Бауманке Лабы\Задание 18\Задание 18(ч.2)\Debug\Задание 18(ч.2).pdb" /SUBSYSTEM:CONSOLE /TLBID:1 /DYNAMICBASE /NXCOMPAT /IMPLIB:"F:\Практика по информатике в Бауманке Лабы\Задание 18\Задание 18(ч.2)\Debug\Задание 18(ч.2).lib" /MACHINE:X86 "Debug\Задание 18(ч.2).exe.embed.manifest.res"
         Debug\stdafx.obj
         "Debug\Задание 18(ч.2).obj"
       Manifest:
         C:\Program Files (x86)\Microsoft SDKs\Windows\v7.0A\bin\mt.exe /nologo /verbose /out:"Debug\Задание 18(ч.2).exe.embed.manifest" /manifest "Debug\Задание 18(ч.2).exe.intermediate.manifest"
         All outputs are up-to-date.
       LinkEmbedManifest:
         All outputs are up-to-date.
         Задание 18(ч.2).vcxproj -> F:\Практика по информатике в Бауманке Лабы\Задание 18\Задание 18(ч.2)\Debug\Задание 18(ч.2).exe
       FinalizeBuildStatus:
         Deleting file "Debug\Задание 18(ч.2).unsuccessfulbuild".
         Touching "Debug\Задание 18(ч.2).lastbuildstate".
     1>Done Building Project "F:\Практика по информатике в Бауманке Лабы\Задание 18\Задание 18(ч.2)\Задание 18(ч.2)\Задание 18(ч.2).vcxproj" (build target(s)).

Build succeeded.

Time Elapsed 00:00:17.06
