F:\Практика по информатике в Бауманке Лабы\Задание 18\Задание 18(ч.2)\DEBUG\Задание 18(ч.2).EXE
F:\Практика по информатике в Бауманке Лабы\Задание 18\Задание 18(ч.2)\DEBUG\Задание 18(ч.2).ILK
F:\ПРАКТИКА ПО ИНФОРМАТИКЕ В БАУМАНКЕ ЛАБЫ\ЗАДАНИЕ 18\ЗАДАНИЕ 18(Ч.2)\DEBUG\ЗАДАНИЕ 18(Ч.2).PDB
F:\Практика по информатике в Бауманке Лабы\Задание 18\Задание 18(ч.2)\Задание 18(ч.2)\Debug\cl.command.1.tlog
F:\Практика по информатике в Бауманке Лабы\Задание 18\Задание 18(ч.2)\Задание 18(ч.2)\Debug\CL.read.1.tlog
F:\Практика по информатике в Бауманке Лабы\Задание 18\Задание 18(ч.2)\Задание 18(ч.2)\Debug\CL.write.1.tlog
F:\Практика по информатике в Бауманке Лабы\Задание 18\Задание 18(ч.2)\Задание 18(ч.2)\Debug\link.2228.read.1.tlog
F:\Практика по информатике в Бауманке Лабы\Задание 18\Задание 18(ч.2)\Задание 18(ч.2)\Debug\link.2228.write.1.tlog
F:\Практика по информатике в Бауманке Лабы\Задание 18\Задание 18(ч.2)\Задание 18(ч.2)\Debug\link.2228-cvtres.read.1.tlog
F:\Практика по информатике в Бауманке Лабы\Задание 18\Задание 18(ч.2)\Задание 18(ч.2)\Debug\link.2228-cvtres.write.1.tlog
F:\Практика по информатике в Бауманке Лабы\Задание 18\Задание 18(ч.2)\Задание 18(ч.2)\Debug\link.command.1.tlog
F:\Практика по информатике в Бауманке Лабы\Задание 18\Задание 18(ч.2)\Задание 18(ч.2)\Debug\link.read.1.tlog
F:\Практика по информатике в Бауманке Лабы\Задание 18\Задание 18(ч.2)\Задание 18(ч.2)\Debug\link.write.1.tlog
F:\Практика по информатике в Бауманке Лабы\Задание 18\Задание 18(ч.2)\Задание 18(ч.2)\Debug\link-cvtres.read.1.tlog
F:\Практика по информатике в Бауманке Лабы\Задание 18\Задание 18(ч.2)\Задание 18(ч.2)\Debug\link-cvtres.write.1.tlog
F:\Практика по информатике в Бауманке Лабы\Задание 18\Задание 18(ч.2)\Задание 18(ч.2)\Debug\mt.command.1.tlog
F:\Практика по информатике в Бауманке Лабы\Задание 18\Задание 18(ч.2)\Задание 18(ч.2)\Debug\mt.read.1.tlog
F:\Практика по информатике в Бауманке Лабы\Задание 18\Задание 18(ч.2)\Задание 18(ч.2)\Debug\mt.write.1.tlog
F:\Практика по информатике в Бауманке Лабы\Задание 18\Задание 18(ч.2)\Задание 18(ч.2)\Debug\rc.command.1.tlog
F:\Практика по информатике в Бауманке Лабы\Задание 18\Задание 18(ч.2)\Задание 18(ч.2)\Debug\rc.read.1.tlog
F:\Практика по информатике в Бауманке Лабы\Задание 18\Задание 18(ч.2)\Задание 18(ч.2)\Debug\rc.write.1.tlog
F:\Практика по информатике в Бауманке Лабы\Задание 18\Задание 18(ч.2)\Задание 18(ч.2)\DEBUG\STDAFX.OBJ
F:\Практика по информатике в Бауманке Лабы\Задание 18\Задание 18(ч.2)\Задание 18(ч.2)\Debug\vc100.idb
F:\ПРАКТИКА ПО ИНФОРМАТИКЕ В БАУМАНКЕ ЛАБЫ\ЗАДАНИЕ 18\ЗАДАНИЕ 18(Ч.2)\ЗАДАНИЕ 18(Ч.2)\DEBUG\VC100.PDB
F:\Практика по информатике в Бауманке Лабы\Задание 18\Задание 18(ч.2)\Задание 18(ч.2)\DEBUG\Задание 18(ч.2).EXE.EMBED.MANIFEST
F:\Практика по информатике в Бауманке Лабы\Задание 18\Задание 18(ч.2)\Задание 18(ч.2)\DEBUG\Задание 18(ч.2).EXE.EMBED.MANIFEST.RES
F:\Практика по информатике в Бауманке Лабы\Задание 18\Задание 18(ч.2)\Задание 18(ч.2)\DEBUG\Задание 18(ч.2).EXE.INTERMEDIATE.MANIFEST
F:\Практика по информатике в Бауманке Лабы\Задание 18\Задание 18(ч.2)\Задание 18(ч.2)\DEBUG\Задание 18(ч.2).OBJ
F:\Практика по информатике в Бауманке Лабы\Задание 18\Задание 18(ч.2)\Задание 18(ч.2)\DEBUG\Задание 18(ч.2).PCH
F:\Практика по информатике в Бауманке Лабы\Задание 18\Задание 18(ч.2)\Задание 18(ч.2)\Debug\Задание 18(ч.2).write.1.tlog
F:\Практика по информатике в Бауманке Лабы\Задание 18\Задание 18(ч.2)\Задание 18(ч.2)\Debug\Задание 18(ч.2)_manifest.rc
