C:\USERS\Максим\DESKTOP\Практика по информатике в Бауманке 2 семестр\Лаба 1\DEBUG\Лаба 1.EXE
C:\USERS\Максим\DESKTOP\Практика по информатике в Бауманке 2 семестр\Лаба 1\DEBUG\Лаба 1.ILK
C:\USERS\МАКСИМ\DESKTOP\ПРАКТИКА ПО ИНФОРМАТИКЕ В БАУМАНКЕ 2 СЕМЕСТР\ЛАБА 1\DEBUG\ЛАБА 1.PDB
C:\Users\Максим\Desktop\Практика по информатике в Бауманке 2 семестр\Лаба 1\Лаба 1\Debug\cl.command.1.tlog
C:\Users\Максим\Desktop\Практика по информатике в Бауманке 2 семестр\Лаба 1\Лаба 1\Debug\CL.read.1.tlog
C:\Users\Максим\Desktop\Практика по информатике в Бауманке 2 семестр\Лаба 1\Лаба 1\Debug\CL.write.1.tlog
C:\Users\Максим\Desktop\Практика по информатике в Бауманке 2 семестр\Лаба 1\Лаба 1\Debug\link.11212.read.1.tlog
C:\Users\Максим\Desktop\Практика по информатике в Бауманке 2 семестр\Лаба 1\Лаба 1\Debug\link.11212.write.1.tlog
C:\Users\Максим\Desktop\Практика по информатике в Бауманке 2 семестр\Лаба 1\Лаба 1\Debug\link.11212-cvtres.read.1.tlog
C:\Users\Максим\Desktop\Практика по информатике в Бауманке 2 семестр\Лаба 1\Лаба 1\Debug\link.11212-cvtres.write.1.tlog
C:\Users\Максим\Desktop\Практика по информатике в Бауманке 2 семестр\Лаба 1\Лаба 1\Debug\link.command.1.tlog
C:\Users\Максим\Desktop\Практика по информатике в Бауманке 2 семестр\Лаба 1\Лаба 1\Debug\link.read.1.tlog
C:\Users\Максим\Desktop\Практика по информатике в Бауманке 2 семестр\Лаба 1\Лаба 1\Debug\link.write.1.tlog
C:\Users\Максим\Desktop\Практика по информатике в Бауманке 2 семестр\Лаба 1\Лаба 1\Debug\link-cvtres.read.1.tlog
C:\Users\Максим\Desktop\Практика по информатике в Бауманке 2 семестр\Лаба 1\Лаба 1\Debug\link-cvtres.write.1.tlog
C:\Users\Максим\Desktop\Практика по информатике в Бауманке 2 семестр\Лаба 1\Лаба 1\Debug\mt.command.1.tlog
C:\Users\Максим\Desktop\Практика по информатике в Бауманке 2 семестр\Лаба 1\Лаба 1\Debug\mt.read.1.tlog
C:\Users\Максим\Desktop\Практика по информатике в Бауманке 2 семестр\Лаба 1\Лаба 1\Debug\mt.write.1.tlog
C:\Users\Максим\Desktop\Практика по информатике в Бауманке 2 семестр\Лаба 1\Лаба 1\Debug\rc.command.1.tlog
C:\Users\Максим\Desktop\Практика по информатике в Бауманке 2 семестр\Лаба 1\Лаба 1\Debug\rc.read.1.tlog
C:\Users\Максим\Desktop\Практика по информатике в Бауманке 2 семестр\Лаба 1\Лаба 1\Debug\rc.write.1.tlog
C:\USERS\Максим\DESKTOP\Практика по информатике в Бауманке 2 семестр\Лаба 1\Лаба 1\DEBUG\STDAFX.OBJ
C:\Users\Максим\Desktop\Практика по информатике в Бауманке 2 семестр\Лаба 1\Лаба 1\Debug\vc100.idb
C:\USERS\МАКСИМ\DESKTOP\ПРАКТИКА ПО ИНФОРМАТИКЕ В БАУМАНКЕ 2 СЕМЕСТР\ЛАБА 1\ЛАБА 1\DEBUG\VC100.PDB
C:\USERS\Максим\DESKTOP\Практика по информатике в Бауманке 2 семестр\Лаба 1\Лаба 1\DEBUG\Лаба 1.EXE.EMBED.MANIFEST
C:\USERS\Максим\DESKTOP\Практика по информатике в Бауманке 2 семестр\Лаба 1\Лаба 1\DEBUG\Лаба 1.EXE.EMBED.MANIFEST.RES
C:\USERS\Максим\DESKTOP\Практика по информатике в Бауманке 2 семестр\Лаба 1\Лаба 1\DEBUG\Лаба 1.EXE.INTERMEDIATE.MANIFEST
C:\USERS\Максим\DESKTOP\Практика по информатике в Бауманке 2 семестр\Лаба 1\Лаба 1\DEBUG\Лаба 1.PCH
C:\Users\Максим\Desktop\Практика по информатике в Бауманке 2 семестр\Лаба 1\Лаба 1\Debug\Лаба 1.write.1.tlog
C:\Users\Максим\Desktop\Практика по информатике в Бауманке 2 семестр\Лаба 1\Лаба 1\Debug\Лаба 1_manifest.rc
