F:\Практика по информатике в Бауманке Лабы\Задание 18\Задание 18 (ч.4)\DEBUG\Задание 18 (ч.4).EXE
F:\Практика по информатике в Бауманке Лабы\Задание 18\Задание 18 (ч.4)\DEBUG\Задание 18 (ч.4).ILK
F:\ПРАКТИКА ПО ИНФОРМАТИКЕ В БАУМАНКЕ ЛАБЫ\ЗАДАНИЕ 18\ЗАДАНИЕ 18 (Ч.4)\DEBUG\ЗАДАНИЕ 18 (Ч.4).PDB
F:\Практика по информатике в Бауманке Лабы\Задание 18\Задание 18 (ч.4)\Задание 18 (ч.4)\Debug\cl.command.1.tlog
F:\Практика по информатике в Бауманке Лабы\Задание 18\Задание 18 (ч.4)\Задание 18 (ч.4)\Debug\CL.read.1.tlog
F:\Практика по информатике в Бауманке Лабы\Задание 18\Задание 18 (ч.4)\Задание 18 (ч.4)\Debug\CL.write.1.tlog
F:\Практика по информатике в Бауманке Лабы\Задание 18\Задание 18 (ч.4)\Задание 18 (ч.4)\Debug\link.7244.read.1.tlog
F:\Практика по информатике в Бауманке Лабы\Задание 18\Задание 18 (ч.4)\Задание 18 (ч.4)\Debug\link.7244.write.1.tlog
F:\Практика по информатике в Бауманке Лабы\Задание 18\Задание 18 (ч.4)\Задание 18 (ч.4)\Debug\link.7244-cvtres.read.1.tlog
F:\Практика по информатике в Бауманке Лабы\Задание 18\Задание 18 (ч.4)\Задание 18 (ч.4)\Debug\link.7244-cvtres.write.1.tlog
F:\Практика по информатике в Бауманке Лабы\Задание 18\Задание 18 (ч.4)\Задание 18 (ч.4)\Debug\link.command.1.tlog
F:\Практика по информатике в Бауманке Лабы\Задание 18\Задание 18 (ч.4)\Задание 18 (ч.4)\Debug\link.read.1.tlog
F:\Практика по информатике в Бауманке Лабы\Задание 18\Задание 18 (ч.4)\Задание 18 (ч.4)\Debug\link.write.1.tlog
F:\Практика по информатике в Бауманке Лабы\Задание 18\Задание 18 (ч.4)\Задание 18 (ч.4)\Debug\link-cvtres.read.1.tlog
F:\Практика по информатике в Бауманке Лабы\Задание 18\Задание 18 (ч.4)\Задание 18 (ч.4)\Debug\link-cvtres.write.1.tlog
F:\Практика по информатике в Бауманке Лабы\Задание 18\Задание 18 (ч.4)\Задание 18 (ч.4)\Debug\mt.command.1.tlog
F:\Практика по информатике в Бауманке Лабы\Задание 18\Задание 18 (ч.4)\Задание 18 (ч.4)\Debug\mt.read.1.tlog
F:\Практика по информатике в Бауманке Лабы\Задание 18\Задание 18 (ч.4)\Задание 18 (ч.4)\Debug\mt.write.1.tlog
F:\Практика по информатике в Бауманке Лабы\Задание 18\Задание 18 (ч.4)\Задание 18 (ч.4)\Debug\rc.command.1.tlog
F:\Практика по информатике в Бауманке Лабы\Задание 18\Задание 18 (ч.4)\Задание 18 (ч.4)\Debug\rc.read.1.tlog
F:\Практика по информатике в Бауманке Лабы\Задание 18\Задание 18 (ч.4)\Задание 18 (ч.4)\Debug\rc.write.1.tlog
F:\Практика по информатике в Бауманке Лабы\Задание 18\Задание 18 (ч.4)\Задание 18 (ч.4)\DEBUG\STDAFX.OBJ
F:\Практика по информатике в Бауманке Лабы\Задание 18\Задание 18 (ч.4)\Задание 18 (ч.4)\Debug\vc100.idb
F:\ПРАКТИКА ПО ИНФОРМАТИКЕ В БАУМАНКЕ ЛАБЫ\ЗАДАНИЕ 18\ЗАДАНИЕ 18 (Ч.4)\ЗАДАНИЕ 18 (Ч.4)\DEBUG\VC100.PDB
F:\Практика по информатике в Бауманке Лабы\Задание 18\Задание 18 (ч.4)\Задание 18 (ч.4)\DEBUG\Задание 18 (ч.4).EXE.EMBED.MANIFEST
F:\Практика по информатике в Бауманке Лабы\Задание 18\Задание 18 (ч.4)\Задание 18 (ч.4)\DEBUG\Задание 18 (ч.4).EXE.EMBED.MANIFEST.RES
F:\Практика по информатике в Бауманке Лабы\Задание 18\Задание 18 (ч.4)\Задание 18 (ч.4)\DEBUG\Задание 18 (ч.4).EXE.INTERMEDIATE.MANIFEST
F:\Практика по информатике в Бауманке Лабы\Задание 18\Задание 18 (ч.4)\Задание 18 (ч.4)\DEBUG\Задание 18 (ч.4).OBJ
F:\Практика по информатике в Бауманке Лабы\Задание 18\Задание 18 (ч.4)\Задание 18 (ч.4)\DEBUG\Задание 18 (ч.4).PCH
F:\Практика по информатике в Бауманке Лабы\Задание 18\Задание 18 (ч.4)\Задание 18 (ч.4)\Debug\Задание 18 (ч.4).write.1.tlog
F:\Практика по информатике в Бауманке Лабы\Задание 18\Задание 18 (ч.4)\Задание 18 (ч.4)\Debug\Задание 18 (ч.4)_manifest.rc
