F:\Практика по информатике в Бауманке Лаб1 и Лаб 2\Д_З часть1\Debug\Д_З часть1.exe
F:\Практика по информатике в Бауманке Лаб1 и Лаб 2\Д_З часть1\Debug\Д_З часть1.ilk
F:\Практика по информатике в Бауманке Лаб1 и Лаб 2\Д_З часть1\Debug\Д_З часть1.pdb
F:\Практика по информатике в Бауманке Лаб1 и Лаб 2\Д_З часть1\Д_З часть1\Debug\cl.command.1.tlog
F:\Практика по информатике в Бауманке Лаб1 и Лаб 2\Д_З часть1\Д_З часть1\Debug\CL.read.1.tlog
F:\Практика по информатике в Бауманке Лаб1 и Лаб 2\Д_З часть1\Д_З часть1\Debug\CL.write.1.tlog
F:\Практика по информатике в Бауманке Лаб1 и Лаб 2\Д_З часть1\Д_З часть1\Debug\link.6708.read.1.tlog
F:\Практика по информатике в Бауманке Лаб1 и Лаб 2\Д_З часть1\Д_З часть1\Debug\link.6708.write.1.tlog
F:\Практика по информатике в Бауманке Лаб1 и Лаб 2\Д_З часть1\Д_З часть1\Debug\link.6708-cvtres.read.1.tlog
F:\Практика по информатике в Бауманке Лаб1 и Лаб 2\Д_З часть1\Д_З часть1\Debug\link.6708-cvtres.write.1.tlog
F:\Практика по информатике в Бауманке Лаб1 и Лаб 2\Д_З часть1\Д_З часть1\Debug\link.command.1.tlog
F:\Практика по информатике в Бауманке Лаб1 и Лаб 2\Д_З часть1\Д_З часть1\Debug\link.read.1.tlog
F:\Практика по информатике в Бауманке Лаб1 и Лаб 2\Д_З часть1\Д_З часть1\Debug\link.write.1.tlog
F:\Практика по информатике в Бауманке Лаб1 и Лаб 2\Д_З часть1\Д_З часть1\Debug\link-cvtres.read.1.tlog
F:\Практика по информатике в Бауманке Лаб1 и Лаб 2\Д_З часть1\Д_З часть1\Debug\link-cvtres.write.1.tlog
F:\Практика по информатике в Бауманке Лаб1 и Лаб 2\Д_З часть1\Д_З часть1\Debug\mt.command.1.tlog
F:\Практика по информатике в Бауманке Лаб1 и Лаб 2\Д_З часть1\Д_З часть1\Debug\mt.read.1.tlog
F:\Практика по информатике в Бауманке Лаб1 и Лаб 2\Д_З часть1\Д_З часть1\Debug\mt.write.1.tlog
F:\Практика по информатике в Бауманке Лаб1 и Лаб 2\Д_З часть1\Д_З часть1\Debug\rc.command.1.tlog
F:\Практика по информатике в Бауманке Лаб1 и Лаб 2\Д_З часть1\Д_З часть1\Debug\rc.read.1.tlog
F:\Практика по информатике в Бауманке Лаб1 и Лаб 2\Д_З часть1\Д_З часть1\Debug\rc.write.1.tlog
F:\Практика по информатике в Бауманке Лаб1 и Лаб 2\Д_З часть1\Д_З часть1\DEBUG\STDAFX.OBJ
F:\Практика по информатике в Бауманке Лаб1 и Лаб 2\Д_З часть1\Д_З часть1\Debug\vc100.idb
F:\ПРАКТИКА ПО ИНФОРМАТИКЕ В БАУМАНКЕ ЛАБ1 И ЛАБ 2\Д_З ЧАСТЬ1\Д_З ЧАСТЬ1\DEBUG\VC100.PDB
F:\Практика по информатике в Бауманке Лаб1 и Лаб 2\Д_З часть1\Д_З часть1\DEBUG\Д_З часть1.EXE.EMBED.MANIFEST
F:\Практика по информатике в Бауманке Лаб1 и Лаб 2\Д_З часть1\Д_З часть1\DEBUG\Д_З часть1.EXE.EMBED.MANIFEST.RES
F:\Практика по информатике в Бауманке Лаб1 и Лаб 2\Д_З часть1\Д_З часть1\Debug\Д_З часть1.exe.intermediate.manifest
F:\Практика по информатике в Бауманке Лаб1 и Лаб 2\Д_З часть1\Д_З часть1\DEBUG\Д_З часть1.OBJ
F:\Практика по информатике в Бауманке Лаб1 и Лаб 2\Д_З часть1\Д_З часть1\DEBUG\Д_З часть1.PCH
F:\Практика по информатике в Бауманке Лаб1 и Лаб 2\Д_З часть1\Д_З часть1\Debug\Д_З часть1.vcxprojResolveAssemblyReference.cache
F:\Практика по информатике в Бауманке Лаб1 и Лаб 2\Д_З часть1\Д_З часть1\Debug\Д_З часть1.write.1.tlog
F:\Практика по информатике в Бауманке Лаб1 и Лаб 2\Д_З часть1\Д_З часть1\Debug\Д_З часть1_manifest.rc
