F:\Практика по информатике в Бауманке Лаб1 и Лаб 2\Задание 8\PR_7\DEBUG\PR_7.EXE
F:\Практика по информатике в Бауманке Лаб1 и Лаб 2\Задание 8\PR_7\DEBUG\PR_7.ILK
F:\ПРАКТИКА ПО ИНФОРМАТИКЕ В БАУМАНКЕ ЛАБ1 И ЛАБ 2\ЗАДАНИЕ 8\PR_7\DEBUG\PR_7.PDB
F:\Практика по информатике в Бауманке Лаб1 и Лаб 2\Задание 8\PR_7\PR_7\DEBUG\PR_7.EXE.EMBED.MANIFEST
F:\Практика по информатике в Бауманке Лаб1 и Лаб 2\Задание 8\PR_7\PR_7\DEBUG\PR_7.EXE.EMBED.MANIFEST.RES
F:\Практика по информатике в Бауманке Лаб1 и Лаб 2\Задание 8\PR_7\PR_7\DEBUG\PR_7.EXE.INTERMEDIATE.MANIFEST
F:\Практика по информатике в Бауманке Лаб1 и Лаб 2\Задание 8\PR_7\PR_7\DEBUG\PR_7.OBJ
F:\Практика по информатике в Бауманке Лаб1 и Лаб 2\Задание 8\PR_7\PR_7\DEBUG\PR_7.PCH
F:\Практика по информатике в Бауманке Лаб1 и Лаб 2\Задание 8\PR_7\PR_7\DEBUG\STDAFX.OBJ
F:\ПРАКТИКА ПО ИНФОРМАТИКЕ В БАУМАНКЕ ЛАБ1 И ЛАБ 2\ЗАДАНИЕ 8\PR_7\PR_7\DEBUG\VC100.PDB
F:\Практика по информатике в Бауманке Лабы\Задание 8\PR_7\DEBUG\PR_7.EXE
F:\Практика по информатике в Бауманке Лабы\Задание 8\PR_7\DEBUG\PR_7.ILK
F:\ПРАКТИКА ПО ИНФОРМАТИКЕ В БАУМАНКЕ ЛАБЫ\ЗАДАНИЕ 8\PR_7\DEBUG\PR_7.PDB
F:\Практика по информатике в Бауманке Лабы\Задание 8\Pr_7\Pr_7\Debug\cl.command.1.tlog
F:\Практика по информатике в Бауманке Лабы\Задание 8\Pr_7\Pr_7\Debug\CL.read.1.tlog
F:\Практика по информатике в Бауманке Лабы\Задание 8\Pr_7\Pr_7\Debug\CL.write.1.tlog
F:\Практика по информатике в Бауманке Лабы\Задание 8\Pr_7\Pr_7\Debug\link.4812.read.1.tlog
F:\Практика по информатике в Бауманке Лабы\Задание 8\Pr_7\Pr_7\Debug\link.4812.write.1.tlog
F:\Практика по информатике в Бауманке Лабы\Задание 8\Pr_7\Pr_7\Debug\link.4812-cvtres.read.1.tlog
F:\Практика по информатике в Бауманке Лабы\Задание 8\Pr_7\Pr_7\Debug\link.4812-cvtres.write.1.tlog
F:\Практика по информатике в Бауманке Лабы\Задание 8\Pr_7\Pr_7\Debug\link.996.read.1.tlog
F:\Практика по информатике в Бауманке Лабы\Задание 8\Pr_7\Pr_7\Debug\link.996.write.1.tlog
F:\Практика по информатике в Бауманке Лабы\Задание 8\Pr_7\Pr_7\Debug\link.996-cvtres.read.1.tlog
F:\Практика по информатике в Бауманке Лабы\Задание 8\Pr_7\Pr_7\Debug\link.996-cvtres.write.1.tlog
F:\Практика по информатике в Бауманке Лабы\Задание 8\Pr_7\Pr_7\Debug\link.command.1.tlog
F:\Практика по информатике в Бауманке Лабы\Задание 8\Pr_7\Pr_7\Debug\link.read.1.tlog
F:\Практика по информатике в Бауманке Лабы\Задание 8\Pr_7\Pr_7\Debug\link.write.1.tlog
F:\Практика по информатике в Бауманке Лабы\Задание 8\Pr_7\Pr_7\Debug\link-cvtres.read.1.tlog
F:\Практика по информатике в Бауманке Лабы\Задание 8\Pr_7\Pr_7\Debug\link-cvtres.write.1.tlog
F:\Практика по информатике в Бауманке Лабы\Задание 8\Pr_7\Pr_7\Debug\mt.command.1.tlog
F:\Практика по информатике в Бауманке Лабы\Задание 8\Pr_7\Pr_7\Debug\mt.read.1.tlog
F:\Практика по информатике в Бауманке Лабы\Задание 8\Pr_7\Pr_7\Debug\mt.write.1.tlog
F:\Практика по информатике в Бауманке Лабы\Задание 8\Pr_7\Pr_7\Debug\Pr_7.exe.embed.manifest
F:\Практика по информатике в Бауманке Лабы\Задание 8\PR_7\PR_7\DEBUG\PR_7.EXE.EMBED.MANIFEST.RES
F:\Практика по информатике в Бауманке Лабы\Задание 8\PR_7\PR_7\DEBUG\PR_7.EXE.INTERMEDIATE.MANIFEST
F:\Практика по информатике в Бауманке Лабы\Задание 8\PR_7\PR_7\DEBUG\PR_7.OBJ
F:\Практика по информатике в Бауманке Лабы\Задание 8\PR_7\PR_7\DEBUG\PR_7.PCH
F:\Практика по информатике в Бауманке Лабы\Задание 8\Pr_7\Pr_7\Debug\Pr_7.write.1.tlog
F:\Практика по информатике в Бауманке Лабы\Задание 8\Pr_7\Pr_7\Debug\Pr_7_manifest.rc
F:\Практика по информатике в Бауманке Лабы\Задание 8\Pr_7\Pr_7\Debug\rc.command.1.tlog
F:\Практика по информатике в Бауманке Лабы\Задание 8\Pr_7\Pr_7\Debug\rc.read.1.tlog
F:\Практика по информатике в Бауманке Лабы\Задание 8\Pr_7\Pr_7\Debug\rc.write.1.tlog
F:\Практика по информатике в Бауманке Лабы\Задание 8\PR_7\PR_7\DEBUG\STDAFX.OBJ
F:\Практика по информатике в Бауманке Лабы\Задание 8\Pr_7\Pr_7\Debug\vc100.idb
F:\ПРАКТИКА ПО ИНФОРМАТИКЕ В БАУМАНКЕ ЛАБЫ\ЗАДАНИЕ 8\PR_7\PR_7\DEBUG\VC100.PDB
