Build started 09.10.2016 13:44:37.
     1>Project "F:\Практика по информатике в Бауманке Лабы\Задание 8\Pr_7\Pr_7\Pr_7.vcxproj" on node 2 (rebuild target(s)).
     1>_PrepareForClean:
         Deleting file "Debug\Pr_7.lastbuildstate".
       InitializeBuildStatus:
         Creating "Debug\Pr_7.unsuccessfulbuild" because "AlwaysCreate" was specified.
       ClCompile:
         C:\Program Files (x86)\Microsoft Visual Studio 10.0\VC\bin\CL.exe /c /ZI /nologo /W3 /WX- /Od /Oy- /D WIN32 /D _DEBUG /D _CONSOLE /D _UNICODE /D UNICODE /Gm /EHsc /RTC1 /MDd /GS /fp:precise /Zc:wchar_t /Zc:forScope /Yc"StdAfx.h" /Fp"Debug\Pr_7.pch" /Fo"Debug\\" /Fd"Debug\vc100.pdb" /Gd /TP /analyze- /errorReport:prompt stdafx.cpp
         stdafx.cpp
         C:\Program Files (x86)\Microsoft Visual Studio 10.0\VC\bin\CL.exe /c /ZI /nologo /W3 /WX- /Od /Oy- /D WIN32 /D _DEBUG /D _CONSOLE /D _UNICODE /D UNICODE /Gm /EHsc /RTC1 /MDd /GS /fp:precise /Zc:wchar_t /Zc:forScope /Yu"StdAfx.h" /Fp"Debug\Pr_7.pch" /Fo"Debug\\" /Fd"Debug\vc100.pdb" /Gd /TP /analyze- /errorReport:prompt Pr_7.cpp
         Pr_7.cpp
       ManifestResourceCompile:
         C:\Program Files (x86)\Microsoft SDKs\Windows\v7.0A\bin\rc.exe /nologo /fo"Debug\Pr_7.exe.embed.manifest.res" Debug\Pr_7_manifest.rc 
       Link:
         C:\Program Files (x86)\Microsoft Visual Studio 10.0\VC\bin\link.exe /ERRORREPORT:PROMPT /OUT:"F:\Практика по информатике в Бауманке Лабы\Задание 8\Pr_7\Debug\Pr_7.exe" /INCREMENTAL /NOLOGO kernel32.lib user32.lib gdi32.lib winspool.lib comdlg32.lib advapi32.lib shell32.lib ole32.lib oleaut32.lib uuid.lib odbc32.lib odbccp32.lib /MANIFEST /ManifestFile:"Debug\Pr_7.exe.intermediate.manifest" /MANIFESTUAC:"level='asInvoker' uiAccess='false'" /DEBUG /PDB:"F:\Практика по информатике в Бауманке Лабы\Задание 8\Pr_7\Debug\Pr_7.pdb" /SUBSYSTEM:CONSOLE /TLBID:1 /DYNAMICBASE /NXCOMPAT /IMPLIB:"F:\Практика по информатике в Бауманке Лабы\Задание 8\Pr_7\Debug\Pr_7.lib" /MACHINE:X86 Debug\Pr_7.exe.embed.manifest.res
         Debug\Pr_7.obj
         Debug\stdafx.obj
       Manifest:
         Deleting file "Debug\Pr_7.exe.embed.manifest".
         C:\Program Files (x86)\Microsoft SDKs\Windows\v7.0A\bin\mt.exe /nologo /verbose /out:"Debug\Pr_7.exe.embed.manifest" /manifest Debug\Pr_7.exe.intermediate.manifest
         C:\Program Files (x86)\Microsoft SDKs\Windows\v7.0A\bin\rc.exe /nologo /fo"Debug\Pr_7.exe.embed.manifest.res" Debug\Pr_7_manifest.rc 
       LinkEmbedManifest:
         C:\Program Files (x86)\Microsoft Visual Studio 10.0\VC\bin\link.exe /ERRORREPORT:PROMPT /OUT:"F:\Практика по информатике в Бауманке Лабы\Задание 8\Pr_7\Debug\Pr_7.exe" /INCREMENTAL /NOLOGO kernel32.lib user32.lib gdi32.lib winspool.lib comdlg32.lib advapi32.lib shell32.lib ole32.lib oleaut32.lib uuid.lib odbc32.lib odbccp32.lib /MANIFEST /ManifestFile:"Debug\Pr_7.exe.intermediate.manifest" /MANIFESTUAC:"level='asInvoker' uiAccess='false'" /DEBUG /PDB:"F:\Практика по информатике в Бауманке Лабы\Задание 8\Pr_7\Debug\Pr_7.pdb" /SUBSYSTEM:CONSOLE /TLBID:1 /DYNAMICBASE /NXCOMPAT /IMPLIB:"F:\Практика по информатике в Бауманке Лабы\Задание 8\Pr_7\Debug\Pr_7.lib" /MACHINE:X86 Debug\Pr_7.exe.embed.manifest.res
         Debug\Pr_7.obj
         Debug\stdafx.obj
         Pr_7.vcxproj -> F:\Практика по информатике в Бауманке Лабы\Задание 8\Pr_7\Debug\Pr_7.exe
       FinalizeBuildStatus:
         Deleting file "Debug\Pr_7.unsuccessfulbuild".
         Touching "Debug\Pr_7.lastbuildstate".
     1>Done Building Project "F:\Практика по информатике в Бауманке Лабы\Задание 8\Pr_7\Pr_7\Pr_7.vcxproj" (rebuild target(s)).

Build succeeded.

Time Elapsed 00:00:27.99
