Build started 30.10.2016 23:56:17.
     1>Project "F:\Практика по информатике в Бауманке Лабы\Задание 15\Задание 15\Задание 15.vcxproj" on node 2 (rebuild target(s)).
     1>_PrepareForClean:
         Deleting file "Debug\Задание 15.lastbuildstate".
       InitializeBuildStatus:
         Creating "Debug\Задание 15.unsuccessfulbuild" because "AlwaysCreate" was specified.
       ClCompile:
         C:\Program Files (x86)\Microsoft Visual Studio 10.0\VC\bin\CL.exe /c /ZI /nologo /W3 /WX- /Od /Oy- /D WIN32 /D _DEBUG /D _CONSOLE /D _UNICODE /D UNICODE /Gm /EHsc /RTC1 /MDd /GS /fp:precise /Zc:wchar_t /Zc:forScope /Yc"StdAfx.h" /Fp"Debug\Задание 15.pch" /Fo"Debug\\" /Fd"Debug\vc100.pdb" /Gd /TP /analyze- /errorReport:prompt stdafx.cpp
         stdafx.cpp
         C:\Program Files (x86)\Microsoft Visual Studio 10.0\VC\bin\CL.exe /c /ZI /nologo /W3 /WX- /Od /Oy- /D WIN32 /D _DEBUG /D _CONSOLE /D _UNICODE /D UNICODE /Gm /EHsc /RTC1 /MDd /GS /fp:precise /Zc:wchar_t /Zc:forScope /Yu"StdAfx.h" /Fp"Debug\Задание 15.pch" /Fo"Debug\\" /Fd"Debug\vc100.pdb" /Gd /TP /analyze- /errorReport:prompt "Задание 15.cpp"
         Задание 15.cpp
       ManifestResourceCompile:
         C:\Program Files (x86)\Microsoft SDKs\Windows\v7.0A\bin\rc.exe /nologo /fo"Debug\Задание 15.exe.embed.manifest.res" "Debug\Задание 15_manifest.rc" 
       Link:
         C:\Program Files (x86)\Microsoft Visual Studio 10.0\VC\bin\link.exe /ERRORREPORT:PROMPT /OUT:"F:\Практика по информатике в Бауманке Лабы\Задание 15\Debug\Задание 15.exe" /INCREMENTAL /NOLOGO kernel32.lib user32.lib gdi32.lib winspool.lib comdlg32.lib advapi32.lib shell32.lib ole32.lib oleaut32.lib uuid.lib odbc32.lib odbccp32.lib /MANIFEST /ManifestFile:"Debug\Задание 15.exe.intermediate.manifest" /MANIFESTUAC:"level='asInvoker' uiAccess='false'" /DEBUG /PDB:"F:\Практика по информатике в Бауманке Лабы\Задание 15\Debug\Задание 15.pdb" /SUBSYSTEM:CONSOLE /TLBID:1 /DYNAMICBASE /NXCOMPAT /IMPLIB:"F:\Практика по информатике в Бауманке Лабы\Задание 15\Debug\Задание 15.lib" /MACHINE:X86 "Debug\Задание 15.exe.embed.manifest.res"
         Debug\stdafx.obj
         "Debug\Задание 15.obj"
       Manifest:
         Deleting file "Debug\Задание 15.exe.embed.manifest".
         C:\Program Files (x86)\Microsoft SDKs\Windows\v7.0A\bin\mt.exe /nologo /verbose /out:"Debug\Задание 15.exe.embed.manifest" /manifest "Debug\Задание 15.exe.intermediate.manifest"
         C:\Program Files (x86)\Microsoft SDKs\Windows\v7.0A\bin\rc.exe /nologo /fo"Debug\Задание 15.exe.embed.manifest.res" "Debug\Задание 15_manifest.rc" 
       LinkEmbedManifest:
         C:\Program Files (x86)\Microsoft Visual Studio 10.0\VC\bin\link.exe /ERRORREPORT:PROMPT /OUT:"F:\Практика по информатике в Бауманке Лабы\Задание 15\Debug\Задание 15.exe" /INCREMENTAL /NOLOGO kernel32.lib user32.lib gdi32.lib winspool.lib comdlg32.lib advapi32.lib shell32.lib ole32.lib oleaut32.lib uuid.lib odbc32.lib odbccp32.lib /MANIFEST /ManifestFile:"Debug\Задание 15.exe.intermediate.manifest" /MANIFESTUAC:"level='asInvoker' uiAccess='false'" /DEBUG /PDB:"F:\Практика по информатике в Бауманке Лабы\Задание 15\Debug\Задание 15.pdb" /SUBSYSTEM:CONSOLE /TLBID:1 /DYNAMICBASE /NXCOMPAT /IMPLIB:"F:\Практика по информатике в Бауманке Лабы\Задание 15\Debug\Задание 15.lib" /MACHINE:X86 "Debug\Задание 15.exe.embed.manifest.res"
         Debug\stdafx.obj
         "Debug\Задание 15.obj"
         Задание 15.vcxproj -> F:\Практика по информатике в Бауманке Лабы\Задание 15\Debug\Задание 15.exe
       FinalizeBuildStatus:
         Deleting file "Debug\Задание 15.unsuccessfulbuild".
         Touching "Debug\Задание 15.lastbuildstate".
     1>Done Building Project "F:\Практика по информатике в Бауманке Лабы\Задание 15\Задание 15\Задание 15.vcxproj" (rebuild target(s)).

Build succeeded.

Time Elapsed 00:00:21.38
