F:\Практика по информатике в Бауманке Лабы\Задание 15\DEBUG\Задание 15.EXE
F:\Практика по информатике в Бауманке Лабы\Задание 15\DEBUG\Задание 15.ILK
F:\ПРАКТИКА ПО ИНФОРМАТИКЕ В БАУМАНКЕ ЛАБЫ\ЗАДАНИЕ 15\DEBUG\ЗАДАНИЕ 15.PDB
F:\Практика по информатике в Бауманке Лабы\Задание 15\Задание 15\Debug\cl.command.1.tlog
F:\Практика по информатике в Бауманке Лабы\Задание 15\Задание 15\Debug\CL.read.1.tlog
F:\Практика по информатике в Бауманке Лабы\Задание 15\Задание 15\Debug\CL.write.1.tlog
F:\Практика по информатике в Бауманке Лабы\Задание 15\Задание 15\Debug\link.6576.read.1.tlog
F:\Практика по информатике в Бауманке Лабы\Задание 15\Задание 15\Debug\link.6576.write.1.tlog
F:\Практика по информатике в Бауманке Лабы\Задание 15\Задание 15\Debug\link.6576-cvtres.read.1.tlog
F:\Практика по информатике в Бауманке Лабы\Задание 15\Задание 15\Debug\link.6576-cvtres.write.1.tlog
F:\Практика по информатике в Бауманке Лабы\Задание 15\Задание 15\Debug\link.command.1.tlog
F:\Практика по информатике в Бауманке Лабы\Задание 15\Задание 15\Debug\link.read.1.tlog
F:\Практика по информатике в Бауманке Лабы\Задание 15\Задание 15\Debug\link.write.1.tlog
F:\Практика по информатике в Бауманке Лабы\Задание 15\Задание 15\Debug\link-cvtres.read.1.tlog
F:\Практика по информатике в Бауманке Лабы\Задание 15\Задание 15\Debug\link-cvtres.write.1.tlog
F:\Практика по информатике в Бауманке Лабы\Задание 15\Задание 15\Debug\mt.command.1.tlog
F:\Практика по информатике в Бауманке Лабы\Задание 15\Задание 15\Debug\mt.read.1.tlog
F:\Практика по информатике в Бауманке Лабы\Задание 15\Задание 15\Debug\mt.write.1.tlog
F:\Практика по информатике в Бауманке Лабы\Задание 15\Задание 15\Debug\rc.command.1.tlog
F:\Практика по информатике в Бауманке Лабы\Задание 15\Задание 15\Debug\rc.read.1.tlog
F:\Практика по информатике в Бауманке Лабы\Задание 15\Задание 15\Debug\rc.write.1.tlog
F:\Практика по информатике в Бауманке Лабы\Задание 15\Задание 15\DEBUG\STDAFX.OBJ
F:\Практика по информатике в Бауманке Лабы\Задание 15\Задание 15\Debug\vc100.idb
F:\ПРАКТИКА ПО ИНФОРМАТИКЕ В БАУМАНКЕ ЛАБЫ\ЗАДАНИЕ 15\ЗАДАНИЕ 15\DEBUG\VC100.PDB
F:\Практика по информатике в Бауманке Лабы\Задание 15\Задание 15\DEBUG\Задание 15.EXE.EMBED.MANIFEST
F:\Практика по информатике в Бауманке Лабы\Задание 15\Задание 15\DEBUG\Задание 15.EXE.EMBED.MANIFEST.RES
F:\Практика по информатике в Бауманке Лабы\Задание 15\Задание 15\DEBUG\Задание 15.EXE.INTERMEDIATE.MANIFEST
F:\Практика по информатике в Бауманке Лабы\Задание 15\Задание 15\DEBUG\Задание 15.OBJ
F:\Практика по информатике в Бауманке Лабы\Задание 15\Задание 15\DEBUG\Задание 15.PCH
F:\Практика по информатике в Бауманке Лабы\Задание 15\Задание 15\Debug\Задание 15.write.1.tlog
F:\Практика по информатике в Бауманке Лабы\Задание 15\Задание 15\Debug\Задание 15_manifest.rc
