F:\Практика по информатике в Бауманке Лабы\Задание 17\Одномерные и двухмерные массивы\Задание 17.1\DEBUG\Задание 17.1.EXE
F:\Практика по информатике в Бауманке Лабы\Задание 17\Одномерные и двухмерные массивы\Задание 17.1\DEBUG\Задание 17.1.ILK
F:\ПРАКТИКА ПО ИНФОРМАТИКЕ В БАУМАНКЕ ЛАБЫ\ЗАДАНИЕ 17\ОДНОМЕРНЫЕ И ДВУХМЕРНЫЕ МАССИВЫ\ЗАДАНИЕ 17.1\DEBUG\ЗАДАНИЕ 17.1.PDB
F:\Практика по информатике в Бауманке Лабы\Задание 17\Одномерные и двухмерные массивы\Задание 17.1\Задание 17.1\Debug\cl.command.1.tlog
F:\Практика по информатике в Бауманке Лабы\Задание 17\Одномерные и двухмерные массивы\Задание 17.1\Задание 17.1\Debug\CL.read.1.tlog
F:\Практика по информатике в Бауманке Лабы\Задание 17\Одномерные и двухмерные массивы\Задание 17.1\Задание 17.1\Debug\CL.write.1.tlog
F:\Практика по информатике в Бауманке Лабы\Задание 17\Одномерные и двухмерные массивы\Задание 17.1\Задание 17.1\Debug\link.6032.read.1.tlog
F:\Практика по информатике в Бауманке Лабы\Задание 17\Одномерные и двухмерные массивы\Задание 17.1\Задание 17.1\Debug\link.6032.write.1.tlog
F:\Практика по информатике в Бауманке Лабы\Задание 17\Одномерные и двухмерные массивы\Задание 17.1\Задание 17.1\Debug\link.6032-cvtres.read.1.tlog
F:\Практика по информатике в Бауманке Лабы\Задание 17\Одномерные и двухмерные массивы\Задание 17.1\Задание 17.1\Debug\link.6032-cvtres.write.1.tlog
F:\Практика по информатике в Бауманке Лабы\Задание 17\Одномерные и двухмерные массивы\Задание 17.1\Задание 17.1\Debug\link.command.1.tlog
F:\Практика по информатике в Бауманке Лабы\Задание 17\Одномерные и двухмерные массивы\Задание 17.1\Задание 17.1\Debug\link.read.1.tlog
F:\Практика по информатике в Бауманке Лабы\Задание 17\Одномерные и двухмерные массивы\Задание 17.1\Задание 17.1\Debug\link.write.1.tlog
F:\Практика по информатике в Бауманке Лабы\Задание 17\Одномерные и двухмерные массивы\Задание 17.1\Задание 17.1\Debug\link-cvtres.read.1.tlog
F:\Практика по информатике в Бауманке Лабы\Задание 17\Одномерные и двухмерные массивы\Задание 17.1\Задание 17.1\Debug\link-cvtres.write.1.tlog
F:\Практика по информатике в Бауманке Лабы\Задание 17\Одномерные и двухмерные массивы\Задание 17.1\Задание 17.1\Debug\mt.command.1.tlog
F:\Практика по информатике в Бауманке Лабы\Задание 17\Одномерные и двухмерные массивы\Задание 17.1\Задание 17.1\Debug\mt.read.1.tlog
F:\Практика по информатике в Бауманке Лабы\Задание 17\Одномерные и двухмерные массивы\Задание 17.1\Задание 17.1\Debug\mt.write.1.tlog
F:\Практика по информатике в Бауманке Лабы\Задание 17\Одномерные и двухмерные массивы\Задание 17.1\Задание 17.1\Debug\rc.command.1.tlog
F:\Практика по информатике в Бауманке Лабы\Задание 17\Одномерные и двухмерные массивы\Задание 17.1\Задание 17.1\Debug\rc.read.1.tlog
F:\Практика по информатике в Бауманке Лабы\Задание 17\Одномерные и двухмерные массивы\Задание 17.1\Задание 17.1\Debug\rc.write.1.tlog
F:\Практика по информатике в Бауманке Лабы\Задание 17\Одномерные и двухмерные массивы\Задание 17.1\Задание 17.1\DEBUG\STDAFX.OBJ
F:\Практика по информатике в Бауманке Лабы\Задание 17\Одномерные и двухмерные массивы\Задание 17.1\Задание 17.1\Debug\vc100.idb
F:\ПРАКТИКА ПО ИНФОРМАТИКЕ В БАУМАНКЕ ЛАБЫ\ЗАДАНИЕ 17\ОДНОМЕРНЫЕ И ДВУХМЕРНЫЕ МАССИВЫ\ЗАДАНИЕ 17.1\ЗАДАНИЕ 17.1\DEBUG\VC100.PDB
F:\Практика по информатике в Бауманке Лабы\Задание 17\Одномерные и двухмерные массивы\Задание 17.1\Задание 17.1\DEBUG\Задание 17.1.EXE.EMBED.MANIFEST
F:\Практика по информатике в Бауманке Лабы\Задание 17\Одномерные и двухмерные массивы\Задание 17.1\Задание 17.1\DEBUG\Задание 17.1.EXE.EMBED.MANIFEST.RES
F:\Практика по информатике в Бауманке Лабы\Задание 17\Одномерные и двухмерные массивы\Задание 17.1\Задание 17.1\DEBUG\Задание 17.1.EXE.INTERMEDIATE.MANIFEST
F:\Практика по информатике в Бауманке Лабы\Задание 17\Одномерные и двухмерные массивы\Задание 17.1\Задание 17.1\DEBUG\Задание 17.1.OBJ
F:\Практика по информатике в Бауманке Лабы\Задание 17\Одномерные и двухмерные массивы\Задание 17.1\Задание 17.1\DEBUG\Задание 17.1.PCH
F:\Практика по информатике в Бауманке Лабы\Задание 17\Одномерные и двухмерные массивы\Задание 17.1\Задание 17.1\Debug\Задание 17.1.vcxprojResolveAssemblyReference.cache
F:\Практика по информатике в Бауманке Лабы\Задание 17\Одномерные и двухмерные массивы\Задание 17.1\Задание 17.1\Debug\Задание 17.1.write.1.tlog
F:\Практика по информатике в Бауманке Лабы\Задание 17\Одномерные и двухмерные массивы\Задание 17.1\Задание 17.1\Debug\Задание 17.1_manifest.rc
