F:\Практика по информатике в Бауманке Лабы\Лаба 3\DEBUG\Лаба 3.EXE
F:\Практика по информатике в Бауманке Лабы\Лаба 3\DEBUG\Лаба 3.ILK
F:\ПРАКТИКА ПО ИНФОРМАТИКЕ В БАУМАНКЕ ЛАБЫ\ЛАБА 3\DEBUG\ЛАБА 3.PDB
F:\Практика по информатике в Бауманке Лабы\Лаба 3\Лаба 3\Debug\cl.command.1.tlog
F:\Практика по информатике в Бауманке Лабы\Лаба 3\Лаба 3\Debug\CL.read.1.tlog
F:\Практика по информатике в Бауманке Лабы\Лаба 3\Лаба 3\Debug\CL.write.1.tlog
F:\Практика по информатике в Бауманке Лабы\Лаба 3\Лаба 3\Debug\link.276.read.1.tlog
F:\Практика по информатике в Бауманке Лабы\Лаба 3\Лаба 3\Debug\link.276.write.1.tlog
F:\Практика по информатике в Бауманке Лабы\Лаба 3\Лаба 3\Debug\link.276-cvtres.read.1.tlog
F:\Практика по информатике в Бауманке Лабы\Лаба 3\Лаба 3\Debug\link.276-cvtres.write.1.tlog
F:\Практика по информатике в Бауманке Лабы\Лаба 3\Лаба 3\Debug\link.command.1.tlog
F:\Практика по информатике в Бауманке Лабы\Лаба 3\Лаба 3\Debug\link.read.1.tlog
F:\Практика по информатике в Бауманке Лабы\Лаба 3\Лаба 3\Debug\link.write.1.tlog
F:\Практика по информатике в Бауманке Лабы\Лаба 3\Лаба 3\Debug\link-cvtres.read.1.tlog
F:\Практика по информатике в Бауманке Лабы\Лаба 3\Лаба 3\Debug\link-cvtres.write.1.tlog
F:\Практика по информатике в Бауманке Лабы\Лаба 3\Лаба 3\Debug\mt.command.1.tlog
F:\Практика по информатике в Бауманке Лабы\Лаба 3\Лаба 3\Debug\mt.read.1.tlog
F:\Практика по информатике в Бауманке Лабы\Лаба 3\Лаба 3\Debug\mt.write.1.tlog
F:\Практика по информатике в Бауманке Лабы\Лаба 3\Лаба 3\Debug\rc.command.1.tlog
F:\Практика по информатике в Бауманке Лабы\Лаба 3\Лаба 3\Debug\rc.read.1.tlog
F:\Практика по информатике в Бауманке Лабы\Лаба 3\Лаба 3\Debug\rc.write.1.tlog
F:\Практика по информатике в Бауманке Лабы\Лаба 3\Лаба 3\DEBUG\STDAFX.OBJ
F:\Практика по информатике в Бауманке Лабы\Лаба 3\Лаба 3\Debug\vc100.idb
F:\ПРАКТИКА ПО ИНФОРМАТИКЕ В БАУМАНКЕ ЛАБЫ\ЛАБА 3\ЛАБА 3\DEBUG\VC100.PDB
F:\Практика по информатике в Бауманке Лабы\Лаба 3\Лаба 3\DEBUG\Лаба 3.EXE.EMBED.MANIFEST
F:\Практика по информатике в Бауманке Лабы\Лаба 3\Лаба 3\DEBUG\Лаба 3.EXE.EMBED.MANIFEST.RES
F:\Практика по информатике в Бауманке Лабы\Лаба 3\Лаба 3\DEBUG\Лаба 3.EXE.INTERMEDIATE.MANIFEST
F:\Практика по информатике в Бауманке Лабы\Лаба 3\Лаба 3\DEBUG\Лаба 3.OBJ
F:\Практика по информатике в Бауманке Лабы\Лаба 3\Лаба 3\DEBUG\Лаба 3.PCH
F:\Практика по информатике в Бауманке Лабы\Лаба 3\Лаба 3\Debug\Лаба 3_manifest.rc
