F:\Практика по информатике в Бауманке Лабы\Задание 14\DEBUG\Задание 14.EXE
F:\Практика по информатике в Бауманке Лабы\Задание 14\DEBUG\Задание 14.ILK
F:\ПРАКТИКА ПО ИНФОРМАТИКЕ В БАУМАНКЕ ЛАБЫ\ЗАДАНИЕ 14\DEBUG\ЗАДАНИЕ 14.PDB
F:\Практика по информатике в Бауманке Лабы\Задание 14\Задание 14\Debug\cl.command.1.tlog
F:\Практика по информатике в Бауманке Лабы\Задание 14\Задание 14\Debug\CL.read.1.tlog
F:\Практика по информатике в Бауманке Лабы\Задание 14\Задание 14\Debug\CL.write.1.tlog
F:\Практика по информатике в Бауманке Лабы\Задание 14\Задание 14\Debug\link.5628.read.1.tlog
F:\Практика по информатике в Бауманке Лабы\Задание 14\Задание 14\Debug\link.5628.write.1.tlog
F:\Практика по информатике в Бауманке Лабы\Задание 14\Задание 14\Debug\link.5628-cvtres.read.1.tlog
F:\Практика по информатике в Бауманке Лабы\Задание 14\Задание 14\Debug\link.5628-cvtres.write.1.tlog
F:\Практика по информатике в Бауманке Лабы\Задание 14\Задание 14\Debug\link.command.1.tlog
F:\Практика по информатике в Бауманке Лабы\Задание 14\Задание 14\Debug\link.read.1.tlog
F:\Практика по информатике в Бауманке Лабы\Задание 14\Задание 14\Debug\link.write.1.tlog
F:\Практика по информатике в Бауманке Лабы\Задание 14\Задание 14\Debug\link-cvtres.read.1.tlog
F:\Практика по информатике в Бауманке Лабы\Задание 14\Задание 14\Debug\link-cvtres.write.1.tlog
F:\Практика по информатике в Бауманке Лабы\Задание 14\Задание 14\Debug\mt.command.1.tlog
F:\Практика по информатике в Бауманке Лабы\Задание 14\Задание 14\Debug\mt.read.1.tlog
F:\Практика по информатике в Бауманке Лабы\Задание 14\Задание 14\Debug\mt.write.1.tlog
F:\Практика по информатике в Бауманке Лабы\Задание 14\Задание 14\Debug\rc.command.1.tlog
F:\Практика по информатике в Бауманке Лабы\Задание 14\Задание 14\Debug\rc.read.1.tlog
F:\Практика по информатике в Бауманке Лабы\Задание 14\Задание 14\Debug\rc.write.1.tlog
F:\Практика по информатике в Бауманке Лабы\Задание 14\Задание 14\DEBUG\STDAFX.OBJ
F:\Практика по информатике в Бауманке Лабы\Задание 14\Задание 14\Debug\vc100.idb
F:\ПРАКТИКА ПО ИНФОРМАТИКЕ В БАУМАНКЕ ЛАБЫ\ЗАДАНИЕ 14\ЗАДАНИЕ 14\DEBUG\VC100.PDB
F:\Практика по информатике в Бауманке Лабы\Задание 14\Задание 14\DEBUG\Задание 14.EXE.EMBED.MANIFEST
F:\Практика по информатике в Бауманке Лабы\Задание 14\Задание 14\DEBUG\Задание 14.EXE.EMBED.MANIFEST.RES
F:\Практика по информатике в Бауманке Лабы\Задание 14\Задание 14\DEBUG\Задание 14.EXE.INTERMEDIATE.MANIFEST
F:\Практика по информатике в Бауманке Лабы\Задание 14\Задание 14\DEBUG\Задание 14.OBJ
F:\Практика по информатике в Бауманке Лабы\Задание 14\Задание 14\DEBUG\Задание 14.PCH
F:\Практика по информатике в Бауманке Лабы\Задание 14\Задание 14\Debug\Задание 14.write.1.tlog
F:\Практика по информатике в Бауманке Лабы\Задание 14\Задание 14\Debug\Задание 14_manifest.rc
