F:\Практика по информатике в Бауманке Лабы\Лаба 1\DEBUG\Лаба 1.EXE
F:\Практика по информатике в Бауманке Лабы\Лаба 1\DEBUG\Лаба 1.ILK
F:\ПРАКТИКА ПО ИНФОРМАТИКЕ В БАУМАНКЕ ЛАБЫ\ЛАБА 1\DEBUG\ЛАБА 1.PDB
F:\Практика по информатике в Бауманке Лабы\Лаба 1\Лаба 1\DEBUG\STDAFX.OBJ
F:\ПРАКТИКА ПО ИНФОРМАТИКЕ В БАУМАНКЕ ЛАБЫ\ЛАБА 1\ЛАБА 1\DEBUG\VC100.PDB
F:\Практика по информатике в Бауманке Лабы\Лаба 1\Лаба 1\DEBUG\Лаба 1.EXE.EMBED.MANIFEST
F:\Практика по информатике в Бауманке Лабы\Лаба 1\Лаба 1\DEBUG\Лаба 1.EXE.EMBED.MANIFEST.RES
F:\Практика по информатике в Бауманке Лабы\Лаба 1\Лаба 1\DEBUG\Лаба 1.EXE.INTERMEDIATE.MANIFEST
F:\Практика по информатике в Бауманке Лабы\Лаба 1\Лаба 1\DEBUG\Лаба 1.OBJ
F:\Практика по информатике в Бауманке Лабы\Лаба 1\Лаба 1\DEBUG\Лаба 1.PCH
F:\Практика по информатике в Бауманке Лабы\Лаба 2\Лаба 1\DEBUG\Лаба 1.EXE
F:\Практика по информатике в Бауманке Лабы\Лаба 2\Лаба 1\DEBUG\Лаба 1.ILK
F:\ПРАКТИКА ПО ИНФОРМАТИКЕ В БАУМАНКЕ ЛАБЫ\ЛАБА 2\ЛАБА 1\DEBUG\ЛАБА 1.PDB
F:\Практика по информатике в Бауманке Лабы\Лаба 2\Лаба 1\Лаба 1\Debug\cl.command.1.tlog
F:\Практика по информатике в Бауманке Лабы\Лаба 2\Лаба 1\Лаба 1\Debug\CL.read.1.tlog
F:\Практика по информатике в Бауманке Лабы\Лаба 2\Лаба 1\Лаба 1\Debug\CL.write.1.tlog
F:\Практика по информатике в Бауманке Лабы\Лаба 2\Лаба 1\Лаба 1\Debug\link.2592.read.1.tlog
F:\Практика по информатике в Бауманке Лабы\Лаба 2\Лаба 1\Лаба 1\Debug\link.2592.write.1.tlog
F:\Практика по информатике в Бауманке Лабы\Лаба 2\Лаба 1\Лаба 1\Debug\link.2592-cvtres.read.1.tlog
F:\Практика по информатике в Бауманке Лабы\Лаба 2\Лаба 1\Лаба 1\Debug\link.2592-cvtres.write.1.tlog
F:\Практика по информатике в Бауманке Лабы\Лаба 2\Лаба 1\Лаба 1\Debug\link.2888.read.1.tlog
F:\Практика по информатике в Бауманке Лабы\Лаба 2\Лаба 1\Лаба 1\Debug\link.2888.write.1.tlog
F:\Практика по информатике в Бауманке Лабы\Лаба 2\Лаба 1\Лаба 1\Debug\link.2888-cvtres.read.1.tlog
F:\Практика по информатике в Бауманке Лабы\Лаба 2\Лаба 1\Лаба 1\Debug\link.2888-cvtres.write.1.tlog
F:\Практика по информатике в Бауманке Лабы\Лаба 2\Лаба 1\Лаба 1\Debug\link.312.read.1.tlog
F:\Практика по информатике в Бауманке Лабы\Лаба 2\Лаба 1\Лаба 1\Debug\link.312.write.1.tlog
F:\Практика по информатике в Бауманке Лабы\Лаба 2\Лаба 1\Лаба 1\Debug\link.312-cvtres.read.1.tlog
F:\Практика по информатике в Бауманке Лабы\Лаба 2\Лаба 1\Лаба 1\Debug\link.312-cvtres.write.1.tlog
F:\Практика по информатике в Бауманке Лабы\Лаба 2\Лаба 1\Лаба 1\Debug\link.6024.read.1.tlog
F:\Практика по информатике в Бауманке Лабы\Лаба 2\Лаба 1\Лаба 1\Debug\link.6024.write.1.tlog
F:\Практика по информатике в Бауманке Лабы\Лаба 2\Лаба 1\Лаба 1\Debug\link.6024-cvtres.read.1.tlog
F:\Практика по информатике в Бауманке Лабы\Лаба 2\Лаба 1\Лаба 1\Debug\link.6024-cvtres.write.1.tlog
F:\Практика по информатике в Бауманке Лабы\Лаба 2\Лаба 1\Лаба 1\Debug\link.6616.read.1.tlog
F:\Практика по информатике в Бауманке Лабы\Лаба 2\Лаба 1\Лаба 1\Debug\link.6616.write.1.tlog
F:\Практика по информатике в Бауманке Лабы\Лаба 2\Лаба 1\Лаба 1\Debug\link.6616-cvtres.read.1.tlog
F:\Практика по информатике в Бауманке Лабы\Лаба 2\Лаба 1\Лаба 1\Debug\link.6616-cvtres.write.1.tlog
F:\Практика по информатике в Бауманке Лабы\Лаба 2\Лаба 1\Лаба 1\Debug\link.7008.read.1.tlog
F:\Практика по информатике в Бауманке Лабы\Лаба 2\Лаба 1\Лаба 1\Debug\link.7008.write.1.tlog
F:\Практика по информатике в Бауманке Лабы\Лаба 2\Лаба 1\Лаба 1\Debug\link.7008-cvtres.read.1.tlog
F:\Практика по информатике в Бауманке Лабы\Лаба 2\Лаба 1\Лаба 1\Debug\link.7008-cvtres.write.1.tlog
F:\Практика по информатике в Бауманке Лабы\Лаба 2\Лаба 1\Лаба 1\Debug\link.7440.read.1.tlog
F:\Практика по информатике в Бауманке Лабы\Лаба 2\Лаба 1\Лаба 1\Debug\link.7440.write.1.tlog
F:\Практика по информатике в Бауманке Лабы\Лаба 2\Лаба 1\Лаба 1\Debug\link.7440-cvtres.read.1.tlog
F:\Практика по информатике в Бауманке Лабы\Лаба 2\Лаба 1\Лаба 1\Debug\link.7440-cvtres.write.1.tlog
F:\Практика по информатике в Бауманке Лабы\Лаба 2\Лаба 1\Лаба 1\Debug\link.7660.read.1.tlog
F:\Практика по информатике в Бауманке Лабы\Лаба 2\Лаба 1\Лаба 1\Debug\link.7660.write.1.tlog
F:\Практика по информатике в Бауманке Лабы\Лаба 2\Лаба 1\Лаба 1\Debug\link.7660-cvtres.read.1.tlog
F:\Практика по информатике в Бауманке Лабы\Лаба 2\Лаба 1\Лаба 1\Debug\link.7660-cvtres.write.1.tlog
F:\Практика по информатике в Бауманке Лабы\Лаба 2\Лаба 1\Лаба 1\Debug\link.7752.read.1.tlog
F:\Практика по информатике в Бауманке Лабы\Лаба 2\Лаба 1\Лаба 1\Debug\link.7752.write.1.tlog
F:\Практика по информатике в Бауманке Лабы\Лаба 2\Лаба 1\Лаба 1\Debug\link.7752-cvtres.read.1.tlog
F:\Практика по информатике в Бауманке Лабы\Лаба 2\Лаба 1\Лаба 1\Debug\link.7752-cvtres.write.1.tlog
F:\Практика по информатике в Бауманке Лабы\Лаба 2\Лаба 1\Лаба 1\Debug\link.command.1.tlog
F:\Практика по информатике в Бауманке Лабы\Лаба 2\Лаба 1\Лаба 1\Debug\link.read.1.tlog
F:\Практика по информатике в Бауманке Лабы\Лаба 2\Лаба 1\Лаба 1\Debug\link.write.1.tlog
F:\Практика по информатике в Бауманке Лабы\Лаба 2\Лаба 1\Лаба 1\Debug\link-cvtres.read.1.tlog
F:\Практика по информатике в Бауманке Лабы\Лаба 2\Лаба 1\Лаба 1\Debug\link-cvtres.write.1.tlog
F:\Практика по информатике в Бауманке Лабы\Лаба 2\Лаба 1\Лаба 1\Debug\mt.command.1.tlog
F:\Практика по информатике в Бауманке Лабы\Лаба 2\Лаба 1\Лаба 1\Debug\mt.read.1.tlog
F:\Практика по информатике в Бауманке Лабы\Лаба 2\Лаба 1\Лаба 1\Debug\mt.write.1.tlog
F:\Практика по информатике в Бауманке Лабы\Лаба 2\Лаба 1\Лаба 1\Debug\rc.command.1.tlog
F:\Практика по информатике в Бауманке Лабы\Лаба 2\Лаба 1\Лаба 1\Debug\rc.read.1.tlog
F:\Практика по информатике в Бауманке Лабы\Лаба 2\Лаба 1\Лаба 1\Debug\rc.write.1.tlog
F:\Практика по информатике в Бауманке Лабы\Лаба 2\Лаба 1\Лаба 1\DEBUG\STDAFX.OBJ
F:\Практика по информатике в Бауманке Лабы\Лаба 2\Лаба 1\Лаба 1\Debug\vc100.idb
F:\ПРАКТИКА ПО ИНФОРМАТИКЕ В БАУМАНКЕ ЛАБЫ\ЛАБА 2\ЛАБА 1\ЛАБА 1\DEBUG\VC100.PDB
F:\Практика по информатике в Бауманке Лабы\Лаба 2\Лаба 1\Лаба 1\Debug\Лаба 1.exe.embed.manifest
F:\Практика по информатике в Бауманке Лабы\Лаба 2\Лаба 1\Лаба 1\DEBUG\Лаба 1.EXE.EMBED.MANIFEST.RES
F:\Практика по информатике в Бауманке Лабы\Лаба 2\Лаба 1\Лаба 1\DEBUG\Лаба 1.EXE.INTERMEDIATE.MANIFEST
F:\Практика по информатике в Бауманке Лабы\Лаба 2\Лаба 1\Лаба 1\DEBUG\Лаба 1.OBJ
F:\Практика по информатике в Бауманке Лабы\Лаба 2\Лаба 1\Лаба 1\DEBUG\Лаба 1.PCH
F:\Практика по информатике в Бауманке Лабы\Лаба 2\Лаба 1\Лаба 1\Debug\Лаба 1.vcxprojResolveAssemblyReference.cache
F:\Практика по информатике в Бауманке Лабы\Лаба 2\Лаба 1\Лаба 1\Debug\Лаба 1.write.1.tlog
F:\Практика по информатике в Бауманке Лабы\Лаба 2\Лаба 1\Лаба 1\Debug\Лаба 1_manifest.rc
