F:\Практика по информатике в Бауманке Лабы\Лаба 5\Задание 5\DEBUG\Задание 5.EXE
F:\Практика по информатике в Бауманке Лабы\Лаба 5\Задание 5\DEBUG\Задание 5.ILK
F:\ПРАКТИКА ПО ИНФОРМАТИКЕ В БАУМАНКЕ ЛАБЫ\ЛАБА 5\ЗАДАНИЕ 5\DEBUG\ЗАДАНИЕ 5.PDB
F:\Практика по информатике в Бауманке Лабы\Лаба 5\Задание 5\Задание 5\Debug\cl.command.1.tlog
F:\Практика по информатике в Бауманке Лабы\Лаба 5\Задание 5\Задание 5\Debug\CL.read.1.tlog
F:\Практика по информатике в Бауманке Лабы\Лаба 5\Задание 5\Задание 5\Debug\CL.write.1.tlog
F:\Практика по информатике в Бауманке Лабы\Лаба 5\Задание 5\Задание 5\Debug\link.6412.read.1.tlog
F:\Практика по информатике в Бауманке Лабы\Лаба 5\Задание 5\Задание 5\Debug\link.6412.write.1.tlog
F:\Практика по информатике в Бауманке Лабы\Лаба 5\Задание 5\Задание 5\Debug\link.6412-cvtres.read.1.tlog
F:\Практика по информатике в Бауманке Лабы\Лаба 5\Задание 5\Задание 5\Debug\link.6412-cvtres.write.1.tlog
F:\Практика по информатике в Бауманке Лабы\Лаба 5\Задание 5\Задание 5\Debug\link.command.1.tlog
F:\Практика по информатике в Бауманке Лабы\Лаба 5\Задание 5\Задание 5\Debug\link.read.1.tlog
F:\Практика по информатике в Бауманке Лабы\Лаба 5\Задание 5\Задание 5\Debug\link.write.1.tlog
F:\Практика по информатике в Бауманке Лабы\Лаба 5\Задание 5\Задание 5\Debug\link-cvtres.read.1.tlog
F:\Практика по информатике в Бауманке Лабы\Лаба 5\Задание 5\Задание 5\Debug\link-cvtres.write.1.tlog
F:\Практика по информатике в Бауманке Лабы\Лаба 5\Задание 5\Задание 5\Debug\mt.command.1.tlog
F:\Практика по информатике в Бауманке Лабы\Лаба 5\Задание 5\Задание 5\Debug\mt.read.1.tlog
F:\Практика по информатике в Бауманке Лабы\Лаба 5\Задание 5\Задание 5\Debug\mt.write.1.tlog
F:\Практика по информатике в Бауманке Лабы\Лаба 5\Задание 5\Задание 5\Debug\rc.command.1.tlog
F:\Практика по информатике в Бауманке Лабы\Лаба 5\Задание 5\Задание 5\Debug\rc.read.1.tlog
F:\Практика по информатике в Бауманке Лабы\Лаба 5\Задание 5\Задание 5\Debug\rc.write.1.tlog
F:\Практика по информатике в Бауманке Лабы\Лаба 5\Задание 5\Задание 5\DEBUG\STDAFX.OBJ
F:\Практика по информатике в Бауманке Лабы\Лаба 5\Задание 5\Задание 5\Debug\vc100.idb
F:\ПРАКТИКА ПО ИНФОРМАТИКЕ В БАУМАНКЕ ЛАБЫ\ЛАБА 5\ЗАДАНИЕ 5\ЗАДАНИЕ 5\DEBUG\VC100.PDB
F:\Практика по информатике в Бауманке Лабы\Лаба 5\Задание 5\Задание 5\DEBUG\Задание 5.EXE.EMBED.MANIFEST
F:\Практика по информатике в Бауманке Лабы\Лаба 5\Задание 5\Задание 5\DEBUG\Задание 5.EXE.EMBED.MANIFEST.RES
F:\Практика по информатике в Бауманке Лабы\Лаба 5\Задание 5\Задание 5\DEBUG\Задание 5.EXE.INTERMEDIATE.MANIFEST
F:\Практика по информатике в Бауманке Лабы\Лаба 5\Задание 5\Задание 5\DEBUG\Задание 5.OBJ
F:\Практика по информатике в Бауманке Лабы\Лаба 5\Задание 5\Задание 5\DEBUG\Задание 5.PCH
F:\Практика по информатике в Бауманке Лабы\Лаба 5\Задание 5\Задание 5\Debug\Задание 5.write.1.tlog
F:\Практика по информатике в Бауманке Лабы\Лаба 5\Задание 5\Задание 5\Debug\Задание 5_manifest.rc
