Build started 02.10.2016 22:27:46.
     1>Project "F:\Практика по информатике в Бауманке Лаб1 и Лаб 2\Д_З часть2\Д_З часть2\Д_З часть2.vcxproj" on node 2 (build target(s)).
     1>InitializeBuildStatus:
         Creating "Debug\Д_З часть2.unsuccessfulbuild" because "AlwaysCreate" was specified.
       ClCompile:
         All outputs are up-to-date.
         C:\Program Files (x86)\Microsoft Visual Studio 10.0\VC\bin\CL.exe /c /ZI /nologo /W3 /WX- /Od /Oy- /D WIN32 /D _DEBUG /D _CONSOLE /D _UNICODE /D UNICODE /Gm /EHsc /RTC1 /MDd /GS /fp:precise /Zc:wchar_t /Zc:forScope /Yu"StdAfx.h" /Fp"Debug\Д_З часть2.pch" /Fo"Debug\\" /Fd"Debug\vc100.pdb" /Gd /TP /analyze- /errorReport:prompt "Д_З часть2.cpp"
         Д_З часть2.cpp
     1>f:\практика по информатике в бауманке лаб1 и лаб 2\д_з часть2\д_з часть2\д_з часть2.cpp(11): warning C4996: 'scanf': This function or variable may be unsafe. Consider using scanf_s instead. To disable deprecation, use _CRT_SECURE_NO_WARNINGS. See online help for details.
                 c:\program files (x86)\microsoft visual studio 10.0\vc\include\stdio.h(304) : see declaration of 'scanf'
     1>f:\практика по информатике в бауманке лаб1 и лаб 2\д_з часть2\д_з часть2\д_з часть2.cpp(14): warning C4996: 'getch': The POSIX name for this item is deprecated. Instead, use the ISO C++ conformant name: _getch. See online help for details.
                 c:\program files (x86)\microsoft visual studio 10.0\vc\include\conio.h(128) : see declaration of 'getch'
       ManifestResourceCompile:
         All outputs are up-to-date.
       Link:
         C:\Program Files (x86)\Microsoft Visual Studio 10.0\VC\bin\link.exe /ERRORREPORT:PROMPT /OUT:"F:\Практика по информатике в Бауманке Лаб1 и Лаб 2\Д_З часть2\Debug\Д_З часть2.exe" /INCREMENTAL /NOLOGO kernel32.lib user32.lib gdi32.lib winspool.lib comdlg32.lib advapi32.lib shell32.lib ole32.lib oleaut32.lib uuid.lib odbc32.lib odbccp32.lib /MANIFEST /ManifestFile:"Debug\Д_З часть2.exe.intermediate.manifest" /MANIFESTUAC:"level='asInvoker' uiAccess='false'" /DEBUG /PDB:"F:\Практика по информатике в Бауманке Лаб1 и Лаб 2\Д_З часть2\Debug\Д_З часть2.pdb" /SUBSYSTEM:CONSOLE /TLBID:1 /DYNAMICBASE /NXCOMPAT /IMPLIB:"F:\Практика по информатике в Бауманке Лаб1 и Лаб 2\Д_З часть2\Debug\Д_З часть2.lib" /MACHINE:X86 "Debug\Д_З часть2.exe.embed.manifest.res"
         Debug\stdafx.obj
         "Debug\Д_З часть2.obj"
       Manifest:
         C:\Program Files (x86)\Microsoft SDKs\Windows\v7.0A\bin\mt.exe /nologo /verbose /out:"Debug\Д_З часть2.exe.embed.manifest" /manifest "Debug\Д_З часть2.exe.intermediate.manifest"
         All outputs are up-to-date.
       LinkEmbedManifest:
         All outputs are up-to-date.
         Д_З часть2.vcxproj -> F:\Практика по информатике в Бауманке Лаб1 и Лаб 2\Д_З часть2\Debug\Д_З часть2.exe
       FinalizeBuildStatus:
         Deleting file "Debug\Д_З часть2.unsuccessfulbuild".
         Touching "Debug\Д_З часть2.lastbuildstate".
     1>Done Building Project "F:\Практика по информатике в Бауманке Лаб1 и Лаб 2\Д_З часть2\Д_З часть2\Д_З часть2.vcxproj" (build target(s)).

Build succeeded.

Time Elapsed 00:00:09.15
