F:\Практика по информатике в Бауманке Лабы\Задание 16\DEBUG\Задание 16.EXE
F:\Практика по информатике в Бауманке Лабы\Задание 16\DEBUG\Задание 16.ILK
F:\ПРАКТИКА ПО ИНФОРМАТИКЕ В БАУМАНКЕ ЛАБЫ\ЗАДАНИЕ 16\DEBUG\ЗАДАНИЕ 16.PDB
F:\Практика по информатике в Бауманке Лабы\Задание 16\Задание 16\Debug\cl.command.1.tlog
F:\Практика по информатике в Бауманке Лабы\Задание 16\Задание 16\Debug\CL.read.1.tlog
F:\Практика по информатике в Бауманке Лабы\Задание 16\Задание 16\Debug\CL.write.1.tlog
F:\Практика по информатике в Бауманке Лабы\Задание 16\Задание 16\Debug\link.8064.read.1.tlog
F:\Практика по информатике в Бауманке Лабы\Задание 16\Задание 16\Debug\link.8064.write.1.tlog
F:\Практика по информатике в Бауманке Лабы\Задание 16\Задание 16\Debug\link.8064-cvtres.read.1.tlog
F:\Практика по информатике в Бауманке Лабы\Задание 16\Задание 16\Debug\link.8064-cvtres.write.1.tlog
F:\Практика по информатике в Бауманке Лабы\Задание 16\Задание 16\Debug\link.command.1.tlog
F:\Практика по информатике в Бауманке Лабы\Задание 16\Задание 16\Debug\link.read.1.tlog
F:\Практика по информатике в Бауманке Лабы\Задание 16\Задание 16\Debug\link.write.1.tlog
F:\Практика по информатике в Бауманке Лабы\Задание 16\Задание 16\Debug\link-cvtres.read.1.tlog
F:\Практика по информатике в Бауманке Лабы\Задание 16\Задание 16\Debug\link-cvtres.write.1.tlog
F:\Практика по информатике в Бауманке Лабы\Задание 16\Задание 16\Debug\mt.command.1.tlog
F:\Практика по информатике в Бауманке Лабы\Задание 16\Задание 16\Debug\mt.read.1.tlog
F:\Практика по информатике в Бауманке Лабы\Задание 16\Задание 16\Debug\mt.write.1.tlog
F:\Практика по информатике в Бауманке Лабы\Задание 16\Задание 16\Debug\rc.command.1.tlog
F:\Практика по информатике в Бауманке Лабы\Задание 16\Задание 16\Debug\rc.read.1.tlog
F:\Практика по информатике в Бауманке Лабы\Задание 16\Задание 16\Debug\rc.write.1.tlog
F:\Практика по информатике в Бауманке Лабы\Задание 16\Задание 16\DEBUG\STDAFX.OBJ
F:\Практика по информатике в Бауманке Лабы\Задание 16\Задание 16\Debug\vc100.idb
F:\ПРАКТИКА ПО ИНФОРМАТИКЕ В БАУМАНКЕ ЛАБЫ\ЗАДАНИЕ 16\ЗАДАНИЕ 16\DEBUG\VC100.PDB
F:\Практика по информатике в Бауманке Лабы\Задание 16\Задание 16\DEBUG\Задание 16.EXE.EMBED.MANIFEST
F:\Практика по информатике в Бауманке Лабы\Задание 16\Задание 16\DEBUG\Задание 16.EXE.EMBED.MANIFEST.RES
F:\Практика по информатике в Бауманке Лабы\Задание 16\Задание 16\DEBUG\Задание 16.EXE.INTERMEDIATE.MANIFEST
F:\Практика по информатике в Бауманке Лабы\Задание 16\Задание 16\DEBUG\Задание 16.OBJ
F:\Практика по информатике в Бауманке Лабы\Задание 16\Задание 16\DEBUG\Задание 16.PCH
F:\Практика по информатике в Бауманке Лабы\Задание 16\Задание 16\Debug\Задание 16.vcxprojResolveAssemblyReference.cache
F:\Практика по информатике в Бауманке Лабы\Задание 16\Задание 16\Debug\Задание 16.write.1.tlog
F:\Практика по информатике в Бауманке Лабы\Задание 16\Задание 16\Debug\Задание 16_manifest.rc
