F:\Практика по информатике в Бауманке Лабы\Задание 20\DEBUG\Задание 20.EXE
F:\Практика по информатике в Бауманке Лабы\Задание 20\DEBUG\Задание 20.ILK
F:\ПРАКТИКА ПО ИНФОРМАТИКЕ В БАУМАНКЕ ЛАБЫ\ЗАДАНИЕ 20\DEBUG\ЗАДАНИЕ 20.PDB
F:\Практика по информатике в Бауманке Лабы\Задание 20\Задание 20\Debug\cl.command.1.tlog
F:\Практика по информатике в Бауманке Лабы\Задание 20\Задание 20\Debug\CL.read.1.tlog
F:\Практика по информатике в Бауманке Лабы\Задание 20\Задание 20\Debug\CL.write.1.tlog
F:\Практика по информатике в Бауманке Лабы\Задание 20\Задание 20\Debug\link.7968.read.1.tlog
F:\Практика по информатике в Бауманке Лабы\Задание 20\Задание 20\Debug\link.7968.write.1.tlog
F:\Практика по информатике в Бауманке Лабы\Задание 20\Задание 20\Debug\link.7968-cvtres.read.1.tlog
F:\Практика по информатике в Бауманке Лабы\Задание 20\Задание 20\Debug\link.7968-cvtres.write.1.tlog
F:\Практика по информатике в Бауманке Лабы\Задание 20\Задание 20\Debug\link.command.1.tlog
F:\Практика по информатике в Бауманке Лабы\Задание 20\Задание 20\Debug\link.read.1.tlog
F:\Практика по информатике в Бауманке Лабы\Задание 20\Задание 20\Debug\link.write.1.tlog
F:\Практика по информатике в Бауманке Лабы\Задание 20\Задание 20\Debug\link-cvtres.read.1.tlog
F:\Практика по информатике в Бауманке Лабы\Задание 20\Задание 20\Debug\link-cvtres.write.1.tlog
F:\Практика по информатике в Бауманке Лабы\Задание 20\Задание 20\Debug\mt.command.1.tlog
F:\Практика по информатике в Бауманке Лабы\Задание 20\Задание 20\Debug\mt.read.1.tlog
F:\Практика по информатике в Бауманке Лабы\Задание 20\Задание 20\Debug\mt.write.1.tlog
F:\Практика по информатике в Бауманке Лабы\Задание 20\Задание 20\Debug\rc.command.1.tlog
F:\Практика по информатике в Бауманке Лабы\Задание 20\Задание 20\Debug\rc.read.1.tlog
F:\Практика по информатике в Бауманке Лабы\Задание 20\Задание 20\Debug\rc.write.1.tlog
F:\Практика по информатике в Бауманке Лабы\Задание 20\Задание 20\DEBUG\STDAFX.OBJ
F:\Практика по информатике в Бауманке Лабы\Задание 20\Задание 20\Debug\vc100.idb
F:\ПРАКТИКА ПО ИНФОРМАТИКЕ В БАУМАНКЕ ЛАБЫ\ЗАДАНИЕ 20\ЗАДАНИЕ 20\DEBUG\VC100.PDB
F:\Практика по информатике в Бауманке Лабы\Задание 20\Задание 20\DEBUG\Задание 20.EXE.EMBED.MANIFEST
F:\Практика по информатике в Бауманке Лабы\Задание 20\Задание 20\DEBUG\Задание 20.EXE.EMBED.MANIFEST.RES
F:\Практика по информатике в Бауманке Лабы\Задание 20\Задание 20\DEBUG\Задание 20.EXE.INTERMEDIATE.MANIFEST
F:\Практика по информатике в Бауманке Лабы\Задание 20\Задание 20\DEBUG\Задание 20.OBJ
F:\Практика по информатике в Бауманке Лабы\Задание 20\Задание 20\DEBUG\Задание 20.PCH
F:\Практика по информатике в Бауманке Лабы\Задание 20\Задание 20\Debug\Задание 20.vcxprojResolveAssemblyReference.cache
F:\Практика по информатике в Бауманке Лабы\Задание 20\Задание 20\Debug\Задание 20.write.1.tlog
F:\Практика по информатике в Бауманке Лабы\Задание 20\Задание 20\Debug\Задание 20_manifest.rc
