Build started 19.05.2017 1:50:17.
     1>Project "C:\Users\Максим\Desktop\Практика по информатике в Бауманке 2 семестр\Project_1\Project_1\Project_1.vcxproj" on node 2 (build target(s)).
     1>InitializeBuildStatus:
         Creating "Debug\Project_1.unsuccessfulbuild" because "AlwaysCreate" was specified.
       ClCompile:
         C:\Program Files (x86)\Microsoft Visual Studio 10.0\VC\bin\CL.exe /c /ZI /nologo /W3 /WX- /Od /Oy- /D WIN32 /D _DEBUG /D _WINDOWS /D _MBCS /Gm /EHsc /RTC1 /MDd /GS /fp:precise /Zc:wchar_t /Zc:forScope /Fo"Debug\\" /Fd"Debug\vc100.pdb" /Gd /TP /analyze- /errorReport:prompt Project1.cpp
         Project1.cpp
     1>c:\users\максим\desktop\практика по информатике в бауманке 2 семестр\project_1\project_1\project1.cpp(69): warning C4244: 'argument' : conversion from 'time_t' to 'unsigned int', possible loss of data
     1>c:\users\максим\desktop\практика по информатике в бауманке 2 семестр\project_1\project_1\project1.cpp(129): warning C4996: 'strcpy': This function or variable may be unsafe. Consider using strcpy_s instead. To disable deprecation, use _CRT_SECURE_NO_WARNINGS. See online help for details.
                 c:\program files (x86)\microsoft visual studio 10.0\vc\include\string.h(105) : see declaration of 'strcpy'
     1>c:\users\максим\desktop\практика по информатике в бауманке 2 семестр\project_1\project_1\project1.cpp(130): warning C4996: 'strcpy': This function or variable may be unsafe. Consider using strcpy_s instead. To disable deprecation, use _CRT_SECURE_NO_WARNINGS. See online help for details.
                 c:\program files (x86)\microsoft visual studio 10.0\vc\include\string.h(105) : see declaration of 'strcpy'
       ManifestResourceCompile:
         All outputs are up-to-date.
       Link:
         C:\Program Files (x86)\Microsoft Visual Studio 10.0\VC\bin\link.exe /ERRORREPORT:PROMPT /OUT:"C:\Users\Максим\Desktop\Практика по информатике в Бауманке 2 семестр\Project_1\Debug\Project_1.exe" /INCREMENTAL /NOLOGO kernel32.lib user32.lib gdi32.lib winspool.lib comdlg32.lib advapi32.lib shell32.lib ole32.lib oleaut32.lib uuid.lib odbc32.lib odbccp32.lib /MANIFEST /ManifestFile:"Debug\Project_1.exe.intermediate.manifest" /MANIFESTUAC:"level='asInvoker' uiAccess='false'" /DEBUG /PDB:"C:\Users\Максим\Desktop\Практика по информатике в Бауманке 2 семестр\Project_1\Debug\Project_1.pdb" /SUBSYSTEM:WINDOWS /TLBID:1 /DYNAMICBASE /NXCOMPAT /IMPLIB:"C:\Users\Максим\Desktop\Практика по информатике в Бауманке 2 семестр\Project_1\Debug\Project_1.lib" /MACHINE:X86 Debug\Project_1.exe.embed.manifest.res
         Debug\Project1.obj
       Manifest:
         C:\Program Files (x86)\Microsoft SDKs\Windows\v7.0A\bin\mt.exe /nologo /verbose /out:"Debug\Project_1.exe.embed.manifest" /manifest Debug\Project_1.exe.intermediate.manifest
         All outputs are up-to-date.
       LinkEmbedManifest:
         All outputs are up-to-date.
         Project_1.vcxproj -> C:\Users\Максим\Desktop\Практика по информатике в Бауманке 2 семестр\Project_1\Debug\Project_1.exe
       FinalizeBuildStatus:
         Deleting file "Debug\Project_1.unsuccessfulbuild".
         Touching "Debug\Project_1.lastbuildstate".
     1>Done Building Project "C:\Users\Максим\Desktop\Практика по информатике в Бауманке 2 семестр\Project_1\Project_1\Project_1.vcxproj" (build target(s)).

Build succeeded.

Time Elapsed 00:00:00.70
