C:\USERS\Максим\DESKTOP\Практика по информатике в Бауманке 2 семестр\PROJECT_1\DEBUG\PROJECT_1.EXE
C:\USERS\Максим\DESKTOP\Практика по информатике в Бауманке 2 семестр\PROJECT_1\DEBUG\PROJECT_1.ILK
C:\USERS\МАКСИМ\DESKTOP\ПРАКТИКА ПО ИНФОРМАТИКЕ В БАУМАНКЕ 2 СЕМЕСТР\PROJECT_1\DEBUG\PROJECT_1.PDB
C:\Users\Максим\Desktop\Практика по информатике в Бауманке 2 семестр\Project_1\Project_1\Debug\cl.command.1.tlog
C:\Users\Максим\Desktop\Практика по информатике в Бауманке 2 семестр\Project_1\Project_1\Debug\CL.read.1.tlog
C:\Users\Максим\Desktop\Практика по информатике в Бауманке 2 семестр\Project_1\Project_1\Debug\CL.write.1.tlog
C:\Users\Максим\Desktop\Практика по информатике в Бауманке 2 семестр\Project_1\Project_1\Debug\link.2728.read.1.tlog
C:\Users\Максим\Desktop\Практика по информатике в Бауманке 2 семестр\Project_1\Project_1\Debug\link.2728.write.1.tlog
C:\Users\Максим\Desktop\Практика по информатике в Бауманке 2 семестр\Project_1\Project_1\Debug\link.2728-cvtres.read.1.tlog
C:\Users\Максим\Desktop\Практика по информатике в Бауманке 2 семестр\Project_1\Project_1\Debug\link.2728-cvtres.write.1.tlog
C:\Users\Максим\Desktop\Практика по информатике в Бауманке 2 семестр\Project_1\Project_1\Debug\link.command.1.tlog
C:\Users\Максим\Desktop\Практика по информатике в Бауманке 2 семестр\Project_1\Project_1\Debug\link.read.1.tlog
C:\Users\Максим\Desktop\Практика по информатике в Бауманке 2 семестр\Project_1\Project_1\Debug\link.write.1.tlog
C:\Users\Максим\Desktop\Практика по информатике в Бауманке 2 семестр\Project_1\Project_1\Debug\link-cvtres.read.1.tlog
C:\Users\Максим\Desktop\Практика по информатике в Бауманке 2 семестр\Project_1\Project_1\Debug\link-cvtres.write.1.tlog
C:\Users\Максим\Desktop\Практика по информатике в Бауманке 2 семестр\Project_1\Project_1\Debug\mt.command.1.tlog
C:\Users\Максим\Desktop\Практика по информатике в Бауманке 2 семестр\Project_1\Project_1\Debug\mt.read.1.tlog
C:\Users\Максим\Desktop\Практика по информатике в Бауманке 2 семестр\Project_1\Project_1\Debug\mt.write.1.tlog
C:\USERS\Максим\DESKTOP\Практика по информатике в Бауманке 2 семестр\PROJECT_1\PROJECT_1\DEBUG\PROJECT_1.EXE.EMBED.MANIFEST
C:\USERS\Максим\DESKTOP\Практика по информатике в Бауманке 2 семестр\PROJECT_1\PROJECT_1\DEBUG\PROJECT_1.EXE.EMBED.MANIFEST.RES
C:\USERS\Максим\DESKTOP\Практика по информатике в Бауманке 2 семестр\PROJECT_1\PROJECT_1\DEBUG\PROJECT_1.EXE.INTERMEDIATE.MANIFEST
C:\Users\Максим\Desktop\Практика по информатике в Бауманке 2 семестр\Project_1\Project_1\Debug\Project_1.vcxprojResolveAssemblyReference.cache
C:\Users\Максим\Desktop\Практика по информатике в Бауманке 2 семестр\Project_1\Project_1\Debug\Project_1.write.1.tlog
C:\Users\Максим\Desktop\Практика по информатике в Бауманке 2 семестр\Project_1\Project_1\Debug\Project_1_manifest.rc
C:\USERS\Максим\DESKTOP\Практика по информатике в Бауманке 2 семестр\PROJECT_1\PROJECT_1\DEBUG\PROJECT1.OBJ
C:\Users\Максим\Desktop\Практика по информатике в Бауманке 2 семестр\Project_1\Project_1\Debug\rc.command.1.tlog
C:\Users\Максим\Desktop\Практика по информатике в Бауманке 2 семестр\Project_1\Project_1\Debug\rc.read.1.tlog
C:\Users\Максим\Desktop\Практика по информатике в Бауманке 2 семестр\Project_1\Project_1\Debug\rc.write.1.tlog
C:\Users\Максим\Desktop\Практика по информатике в Бауманке 2 семестр\Project_1\Project_1\Debug\vc100.idb
C:\USERS\МАКСИМ\DESKTOP\ПРАКТИКА ПО ИНФОРМАТИКЕ В БАУМАНКЕ 2 СЕМЕСТР\PROJECT_1\PROJECT_1\DEBUG\VC100.PDB
