Build started 11.12.2016 22:40:08.
     1>Project "F:\Практика по информатике в Бауманке Лабы\Задание 17\Трехмерные массивы\Задание 17(статич. трёхмерный массив)\Задание 17\Задание 17\Задание 17.vcxproj" on node 2 (build target(s)).
     1>InitializeBuildStatus:
         Creating "Debug\Задание 17.unsuccessfulbuild" because "AlwaysCreate" was specified.
       ClCompile:
         All outputs are up-to-date.
         C:\Program Files (x86)\Microsoft Visual Studio 10.0\VC\bin\CL.exe /c /ZI /nologo /W3 /WX- /Od /Oy- /D WIN32 /D _DEBUG /D _CONSOLE /D _UNICODE /D UNICODE /Gm /EHsc /RTC1 /MDd /GS /fp:precise /Zc:wchar_t /Zc:forScope /Yu"StdAfx.h" /Fp"Debug\Задание 17.pch" /Fo"Debug\\" /Fd"Debug\vc100.pdb" /Gd /TP /analyze- /errorReport:prompt "Задание 17.cpp"
         Задание 17.cpp
       ManifestResourceCompile:
         All outputs are up-to-date.
       Link:
         C:\Program Files (x86)\Microsoft Visual Studio 10.0\VC\bin\link.exe /ERRORREPORT:PROMPT /OUT:"F:\Практика по информатике в Бауманке Лабы\Задание 17\Трехмерные массивы\Задание 17(статич. трёхмерный массив)\Задание 17\Debug\Задание 17.exe" /INCREMENTAL /NOLOGO kernel32.lib user32.lib gdi32.lib winspool.lib comdlg32.lib advapi32.lib shell32.lib ole32.lib oleaut32.lib uuid.lib odbc32.lib odbccp32.lib /MANIFEST /ManifestFile:"Debug\Задание 17.exe.intermediate.manifest" /MANIFESTUAC:"level='asInvoker' uiAccess='false'" /DEBUG /PDB:"F:\Практика по информатике в Бауманке Лабы\Задание 17\Трехмерные массивы\Задание 17(статич. трёхмерный массив)\Задание 17\Debug\Задание 17.pdb" /SUBSYSTEM:CONSOLE /TLBID:1 /DYNAMICBASE /NXCOMPAT /IMPLIB:"F:\Практика по информатике в Бауманке Лабы\Задание 17\Трехмерные массивы\Задание 17(статич. трёхмерный массив)\Задание 17\Debug\Задание 17.lib" /MACHINE:X86 "Debug\Задание 17.exe.embed.manifest.res"
         Debug\stdafx.obj
         "Debug\Задание 17.obj"
       Manifest:
         C:\Program Files (x86)\Microsoft SDKs\Windows\v7.0A\bin\mt.exe /nologo /verbose /out:"Debug\Задание 17.exe.embed.manifest" /manifest "Debug\Задание 17.exe.intermediate.manifest"
         All outputs are up-to-date.
       LinkEmbedManifest:
         All outputs are up-to-date.
         Задание 17.vcxproj -> F:\Практика по информатике в Бауманке Лабы\Задание 17\Трехмерные массивы\Задание 17(статич. трёхмерный массив)\Задание 17\Debug\Задание 17.exe
       FinalizeBuildStatus:
         Deleting file "Debug\Задание 17.unsuccessfulbuild".
         Touching "Debug\Задание 17.lastbuildstate".
     1>Done Building Project "F:\Практика по информатике в Бауманке Лабы\Задание 17\Трехмерные массивы\Задание 17(статич. трёхмерный массив)\Задание 17\Задание 17\Задание 17.vcxproj" (build target(s)).

Build succeeded.

Time Elapsed 00:00:18.83
