Build started 25.11.2016 1:09:00.
     1>Project "F:\Практика по информатике в Бауманке Лабы\Задание 19\Задание 19\Задание 19.vcxproj" on node 2 (build target(s)).
     1>InitializeBuildStatus:
         Creating "Debug\Задание 19.unsuccessfulbuild" because "AlwaysCreate" was specified.
       ClCompile:
         All outputs are up-to-date.
         C:\Program Files (x86)\Microsoft Visual Studio 10.0\VC\bin\CL.exe /c /ZI /nologo /W3 /WX- /Od /Oy- /D WIN32 /D _DEBUG /D _CONSOLE /D _UNICODE /D UNICODE /Gm /EHsc /RTC1 /MDd /GS /fp:precise /Zc:wchar_t /Zc:forScope /Yu"StdAfx.h" /Fp"Debug\Задание 19.pch" /Fo"Debug\\" /Fd"Debug\vc100.pdb" /Gd /TP /analyze- /errorReport:prompt "Задание 19.cpp"
         Задание 19.cpp
     1>f:\практика по информатике в бауманке лабы\задание 19\задание 19\задание 19.cpp(12): warning C4244: '=' : conversion from 'double' to 'int', possible loss of data
     1>f:\практика по информатике в бауманке лабы\задание 19\задание 19\задание 19.cpp(13): warning C4244: '=' : conversion from 'double' to 'int', possible loss of data
     1>f:\практика по информатике в бауманке лабы\задание 19\задание 19\задание 19.cpp(22): warning C4244: '=' : conversion from 'double' to 'int', possible loss of data
     1>f:\практика по информатике в бауманке лабы\задание 19\задание 19\задание 19.cpp(23): warning C4244: '=' : conversion from 'double' to 'int', possible loss of data
     1>f:\практика по информатике в бауманке лабы\задание 19\задание 19\задание 19.cpp(34): warning C4244: 'argument' : conversion from 'double' to 'int', possible loss of data
     1>f:\практика по информатике в бауманке лабы\задание 19\задание 19\задание 19.cpp(44): warning C4244: 'argument' : conversion from 'double' to 'int', possible loss of data
       ManifestResourceCompile:
         All outputs are up-to-date.
       Link:
         C:\Program Files (x86)\Microsoft Visual Studio 10.0\VC\bin\link.exe /ERRORREPORT:PROMPT /OUT:"F:\Практика по информатике в Бауманке Лабы\Задание 19\Debug\Задание 19.exe" /INCREMENTAL /NOLOGO kernel32.lib user32.lib gdi32.lib winspool.lib comdlg32.lib advapi32.lib shell32.lib ole32.lib oleaut32.lib uuid.lib odbc32.lib odbccp32.lib /MANIFEST /ManifestFile:"Debug\Задание 19.exe.intermediate.manifest" /MANIFESTUAC:"level='asInvoker' uiAccess='false'" /DEBUG /PDB:"F:\Практика по информатике в Бауманке Лабы\Задание 19\Debug\Задание 19.pdb" /SUBSYSTEM:CONSOLE /TLBID:1 /DYNAMICBASE /NXCOMPAT /IMPLIB:"F:\Практика по информатике в Бауманке Лабы\Задание 19\Debug\Задание 19.lib" /MACHINE:X86 "Debug\Задание 19.exe.embed.manifest.res"
         Debug\stdafx.obj
         "Debug\Задание 19.obj"
       Manifest:
         C:\Program Files (x86)\Microsoft SDKs\Windows\v7.0A\bin\mt.exe /nologo /verbose /out:"Debug\Задание 19.exe.embed.manifest" /manifest "Debug\Задание 19.exe.intermediate.manifest"
         All outputs are up-to-date.
       LinkEmbedManifest:
         All outputs are up-to-date.
         Задание 19.vcxproj -> F:\Практика по информатике в Бауманке Лабы\Задание 19\Debug\Задание 19.exe
       FinalizeBuildStatus:
         Deleting file "Debug\Задание 19.unsuccessfulbuild".
         Touching "Debug\Задание 19.lastbuildstate".
     1>Done Building Project "F:\Практика по информатике в Бауманке Лабы\Задание 19\Задание 19\Задание 19.vcxproj" (build target(s)).

Build succeeded.

Time Elapsed 00:00:08.51
