F:\Практика по информатике в Бауманке Лабы\Задание 19\DEBUG\Задание 19.EXE
F:\Практика по информатике в Бауманке Лабы\Задание 19\DEBUG\Задание 19.ILK
F:\ПРАКТИКА ПО ИНФОРМАТИКЕ В БАУМАНКЕ ЛАБЫ\ЗАДАНИЕ 19\DEBUG\ЗАДАНИЕ 19.PDB
F:\Практика по информатике в Бауманке Лабы\Задание 19\Задание 19\Debug\cl.command.1.tlog
F:\Практика по информатике в Бауманке Лабы\Задание 19\Задание 19\Debug\CL.read.1.tlog
F:\Практика по информатике в Бауманке Лабы\Задание 19\Задание 19\Debug\CL.write.1.tlog
F:\Практика по информатике в Бауманке Лабы\Задание 19\Задание 19\Debug\link.7596.read.1.tlog
F:\Практика по информатике в Бауманке Лабы\Задание 19\Задание 19\Debug\link.7596.write.1.tlog
F:\Практика по информатике в Бауманке Лабы\Задание 19\Задание 19\Debug\link.7596-cvtres.read.1.tlog
F:\Практика по информатике в Бауманке Лабы\Задание 19\Задание 19\Debug\link.7596-cvtres.write.1.tlog
F:\Практика по информатике в Бауманке Лабы\Задание 19\Задание 19\Debug\link.command.1.tlog
F:\Практика по информатике в Бауманке Лабы\Задание 19\Задание 19\Debug\link.read.1.tlog
F:\Практика по информатике в Бауманке Лабы\Задание 19\Задание 19\Debug\link.write.1.tlog
F:\Практика по информатике в Бауманке Лабы\Задание 19\Задание 19\Debug\link-cvtres.read.1.tlog
F:\Практика по информатике в Бауманке Лабы\Задание 19\Задание 19\Debug\link-cvtres.write.1.tlog
F:\Практика по информатике в Бауманке Лабы\Задание 19\Задание 19\Debug\mt.command.1.tlog
F:\Практика по информатике в Бауманке Лабы\Задание 19\Задание 19\Debug\mt.read.1.tlog
F:\Практика по информатике в Бауманке Лабы\Задание 19\Задание 19\Debug\mt.write.1.tlog
F:\Практика по информатике в Бауманке Лабы\Задание 19\Задание 19\Debug\rc.command.1.tlog
F:\Практика по информатике в Бауманке Лабы\Задание 19\Задание 19\Debug\rc.read.1.tlog
F:\Практика по информатике в Бауманке Лабы\Задание 19\Задание 19\Debug\rc.write.1.tlog
F:\Практика по информатике в Бауманке Лабы\Задание 19\Задание 19\DEBUG\STDAFX.OBJ
F:\Практика по информатике в Бауманке Лабы\Задание 19\Задание 19\Debug\vc100.idb
F:\ПРАКТИКА ПО ИНФОРМАТИКЕ В БАУМАНКЕ ЛАБЫ\ЗАДАНИЕ 19\ЗАДАНИЕ 19\DEBUG\VC100.PDB
F:\Практика по информатике в Бауманке Лабы\Задание 19\Задание 19\DEBUG\Задание 19.EXE.EMBED.MANIFEST
F:\Практика по информатике в Бауманке Лабы\Задание 19\Задание 19\DEBUG\Задание 19.EXE.EMBED.MANIFEST.RES
F:\Практика по информатике в Бауманке Лабы\Задание 19\Задание 19\DEBUG\Задание 19.EXE.INTERMEDIATE.MANIFEST
F:\Практика по информатике в Бауманке Лабы\Задание 19\Задание 19\DEBUG\Задание 19.OBJ
F:\Практика по информатике в Бауманке Лабы\Задание 19\Задание 19\DEBUG\Задание 19.PCH
F:\Практика по информатике в Бауманке Лабы\Задание 19\Задание 19\Debug\Задание 19.write.1.tlog
F:\Практика по информатике в Бауманке Лабы\Задание 19\Задание 19\Debug\Задание 19_manifest.rc
